\BOOKMARK [1][-]{section.1}{\376\377\146\166\117\123\176\323\147\204\127\372\170\100\000\040\000\267\000\040\215\205\176\247\121\105\133\236\162\110}{}% 1
\BOOKMARK [2][-]{subsection*.2}{\376\377\133\146\116\140\166\356\150\007}{section.1}% 2
\BOOKMARK [2][-]{subsection*.3}{\376\377\116\000\060\001\146\166\117\123\133\146\127\372\170\100}{section.1}% 3
\BOOKMARK [3][-]{subsubsection*.4}{\376\377\0001\000.\0001\000\040\116\300\116\110\146\057\146\166\117\123\377\037\040\024\116\316\133\217\211\302\163\260\214\141\122\060\137\256\211\302\147\054\215\050}{subsection*.3}% 4
\BOOKMARK [3][-]{subsubsection*.5}{\376\377\0001\000.\0002\000\040\116\003\131\047\146\166\174\373\040\024\146\166\117\123\122\006\174\173\166\204\000'\000'\232\250\147\266\000'\000'}{subsection*.3}% 5
\BOOKMARK [3][-]{subsubsection*.6}{\376\377\0001\000.\0003\000\040\0001\0004\171\315\136\003\142\311\176\364\150\074\133\120}{subsection*.3}% 6
\BOOKMARK [2][-]{subsection*.7}{\376\377\116\214\060\001\221\321\134\136\133\306\130\006\171\357}{section.1}% 7
\BOOKMARK [3][-]{subsubsection*.8}{\376\377\0002\000.\0001\000\040\116\072\116\300\116\110\221\321\134\136\123\237\133\120\211\201\000'\000'\143\044\000'\000'\127\050\116\000\215\167\377\037}{subsection*.7}% 8
\BOOKMARK [3][-]{subsubsection*.9}{\376\377\0002\000.\0002\000\040\126\333\171\315\127\372\147\054\130\006\171\357\145\271\137\017}{subsection*.7}% 9
\BOOKMARK [3][-]{subsubsection*.10}{\376\377\0002\000.\0003\000\040\172\172\225\364\122\051\165\050\163\207\121\150\143\250\133\374}{subsection*.7}% 10
\BOOKMARK [3][-]{subsubsection*.11}{\376\377\0002\000.\0004\000\040\172\172\226\231\122\006\147\220}{subsection*.7}% 11
\BOOKMARK [2][-]{subsection*.12}{\376\377\116\011\060\001\171\273\133\120\146\166\117\123\176\323\147\204\174\173\127\213}{section.1}% 12
\BOOKMARK [3][-]{subsubsection*.13}{\376\377\0003\000.\0001\000\040\116\072\116\300\116\110\116\316\221\321\134\136\130\006\171\357\213\262\122\060\171\273\133\120\146\166\117\123\377\037}{subsection*.12}% 13
\BOOKMARK [3][-]{subsubsection*.14}{\376\377\0003\000.\0002\000\040\136\070\211\301\000A\000B\127\213\171\273\133\120\146\166\117\123}{subsection*.12}% 14
\BOOKMARK [3][-]{subsubsection*.15}{\376\377\0003\000.\0003\000\040\121\166\116\326\136\070\211\301\176\323\147\204}{subsection*.12}% 15
\BOOKMARK [3][-]{subsubsection*.16}{\376\377\0003\000.\0004\000\040\176\323\147\204\174\173\127\213\133\371\153\324\140\073\210\150}{subsection*.12}% 16
\BOOKMARK [2][-]{subsection*.17}{\376\377\126\333\060\001\123\112\137\204\153\324\211\304\122\031}{section.1}% 17
\BOOKMARK [3][-]{subsubsection*.18}{\376\377\0004\000.\0001\000\040\171\273\133\120\146\166\117\123\166\204\000'\000'\134\072\133\370\121\263\133\232\213\272\000'\000'}{subsection*.17}% 18
\BOOKMARK [3][-]{subsubsection*.19}{\376\377\0004\000.\0002\000\040\116\064\165\114\120\074\121\340\117\125\143\250\133\374}{subsection*.17}% 19
\BOOKMARK [3][-]{subsubsection*.20}{\376\377\0004\000.\0003\000\040\123\112\137\204\153\324\116\016\221\115\117\115\145\160\166\204\121\163\174\373}{subsection*.17}% 20
\BOOKMARK [2][-]{subsection*.21}{\376\377\116\224\060\001\000P\000a\000u\000l\000i\000n\000g\000\040\211\304\122\031\116\016\171\273\133\120\147\201\123\026}{section.1}% 21
\BOOKMARK [3][-]{subsubsection*.22}{\376\377\0005\000.\0001\000\040\000P\000a\000u\000l\000i\000n\000g\000\040\165\065\116\367\211\304\122\031\040\024\171\273\133\120\146\166\117\123\176\323\147\204\166\204\000'\000'\165\065\203\167\133\210\140\122\000'\000'}{subsection*.21}% 22
\BOOKMARK [3][-]{subsubsection*.23}{\376\377\0005\000.\0002\000\040\000P\000a\000u\000l\000i\000n\000g\000\040\121\166\116\326\211\304\122\031}{subsection*.21}% 23
\BOOKMARK [3][-]{subsubsection*.24}{\376\377\0005\000.\0003\000\040\171\273\133\120\147\201\123\026\116\016\000\040\000F\000a\000j\000a\000n\000s\000\040\211\304\122\031}{subsection*.21}% 24
\BOOKMARK [2][-]{subsection*.25}{\376\377\121\155\060\001\121\166\116\326\146\166\117\123\174\173\127\213}{section.1}% 25
\BOOKMARK [3][-]{subsubsection*.26}{\376\377\0006\000.\0001\000\040\126\333\131\047\146\166\117\123\174\173\127\213\133\371\153\324}{subsection*.25}% 26
\BOOKMARK [3][-]{subsubsection*.27}{\376\377\0006\000.\0002\000\040\155\367\124\010\127\213\146\166\117\123\000\040\040\024\000\040\167\363\130\250}{subsection*.25}% 27
\BOOKMARK [2][-]{subsection*.28}{\376\377\116\003\060\001\121\170\127\213\117\213\230\230}{section.1}% 28
\BOOKMARK [2][-]{subsection*.29}{\376\377\121\153\060\001\145\271\154\325\140\073\176\323}{section.1}% 29
\BOOKMARK [3][-]{subsubsection*.30}{\376\377\0008\000.\0001\000\040\146\166\117\123\176\323\147\204\122\006\147\220\155\101\172\013\126\376}{subsection*.29}% 30
\BOOKMARK [3][-]{subsubsection*.31}{\376\377\0008\000.\0002\000\040\150\070\137\303\220\037\147\345\210\150}{subsection*.29}% 31
\BOOKMARK [3][-]{subsubsection*.32}{\376\377\0008\000.\0003\000\040\176\323\147\204\174\173\127\213\122\044\145\255\155\101\172\013\126\376}{subsection*.29}% 32
\BOOKMARK [2][-]{subsection*.33}{\376\377\116\135\060\001\176\303\116\140\230\230}{section.1}% 33
\BOOKMARK [2][-]{subsection*.34}{\376\377\116\135\060\001\123\302\200\003\173\124\150\110\116\016\143\320\171\072}{section.1}% 34
\BOOKMARK [2][-]{subsection*.35}{\376\377\136\366\117\070\226\005\213\373}{section.1}% 35
