\BOOKMARK [1][-]{section.1}{\376\377\173\054\116\214\213\262\377\032\123\237\133\120\176\323\147\204}{}% 1
\BOOKMARK [2][-]{subsection*.2}{\376\377\133\146\116\140\166\356\150\007}{section.1}% 2
\BOOKMARK [2][-]{subsection*.3}{\376\377\116\000\060\001\123\237\133\120\176\323\147\204\152\041\127\213\166\204\123\321\134\125}{section.1}% 3
\BOOKMARK [3][-]{subsubsection*.4}{\376\377\0001\000.\0001\000\040\116\316\176\317\121\170\122\060\221\317\133\120\377\032\116\000\127\072\215\350\215\212\116\044\123\103\136\164\166\204\213\244\167\345\215\303\217\301}{subsection*.3}% 4
\BOOKMARK [3][-]{subsubsection*.5}{\376\377\0001\000.\0002\000\040\163\273\134\024\152\041\127\213\377\032\145\347\221\317\133\120\213\272\166\204\135\305\134\360\116\016\131\051\202\261\147\177}{subsection*.3}% 5
\BOOKMARK [3][-]{subsubsection*.6}{\376\377\0001\000.\0003\000\040\154\342\174\222\116\214\214\141\140\047\116\016\155\113\116\015\121\306\123\237\164\006\377\032\176\317\121\170\000'\000'\217\150\220\123\000'\000'\151\202\137\365\166\204\176\310\176\323}{subsection*.3}% 6
\BOOKMARK [2][-]{subsection*.7}{\376\377\116\214\060\001\150\070\131\026\165\065\133\120\217\320\122\250\162\266\140\001\166\204\143\317\217\360}{section.1}% 7
\BOOKMARK [3][-]{subsubsection*.8}{\376\377\0002\000.\0001\000\040\205\233\133\232\214\024\145\271\172\013\116\016\116\011\116\052\221\317\133\120\145\160\166\204\201\352\161\066\121\372\163\260}{subsection*.7}% 8
\BOOKMARK [3][-]{subsubsection*.9}{\376\377\0002\000.\0002\000\040\126\333\116\052\221\317\133\120\145\160\166\204\213\346\176\306\211\343\213\373}{subsection*.7}% 9
\BOOKMARK [3][-]{subsubsection*.10}{\376\377\0002\000.\0003\000\040\154\042\123\237\133\120\116\016\131\032\165\065\133\120\123\237\133\120\166\204\200\375\176\247}{subsection*.7}% 10
\BOOKMARK [2][-]{subsection*.11}{\376\377\116\011\060\001\127\372\140\001\123\237\133\120\150\070\131\026\165\065\133\120\143\222\136\003}{section.1}% 11
\BOOKMARK [3][-]{subsubsection*.12}{\376\377\0003\000.\0001\000\040\165\065\133\120\143\222\136\003\116\011\123\237\122\031}{subsection*.11}% 12
\BOOKMARK [3][-]{subsubsection*.13}{\376\377\0003\000.\0002\000\040\165\065\133\120\143\222\136\003\166\204\210\150\171\072\145\271\154\325}{subsection*.11}% 13
\BOOKMARK [3][-]{subsubsection*.14}{\376\377\0003\000.\0003\000\040\136\070\211\301\121\103\175\040\127\372\140\001\165\065\133\120\143\222\136\003}{subsection*.11}% 14
\BOOKMARK [3][-]{subsubsection*.15}{\376\377\0003\000.\0004\000\040\165\065\133\120\143\222\136\003\162\171\117\213\377\032\123\112\156\341\000/\121\150\156\341\172\063\133\232\123\026}{subsection*.11}% 15
\BOOKMARK [3][-]{subsubsection*.16}{\376\377\0003\000.\0005\000\040\171\273\133\120\165\065\133\120\143\222\136\003}{subsection*.11}% 16
\BOOKMARK [3][-]{subsubsection*.17}{\376\377\0003\000.\0006\000\040\124\150\147\037\137\213\126\333\131\047\215\213\122\277\166\204\126\376\137\142\123\026\164\006\211\343}{subsection*.11}% 17
\BOOKMARK [3][-]{subsubsection*.18}{\376\377\0003\000.\0007\000\040\116\316\123\237\133\120\176\323\147\204\122\060\123\026\133\146\140\047\215\050\377\032\153\041\176\247\124\150\147\037\140\047}{subsection*.11}% 18
\BOOKMARK [2][-]{subsection*.19}{\376\377\126\333\060\001\211\304\137\213\116\016\145\271\154\325}{section.1}% 19
\BOOKMARK [3][-]{subsubsection*.20}{\376\377\0004\000.\0001\000\040\116\011\174\173\000'\000'\230\172\136\217\000'\000'\166\204\155\361\136\246\217\250\147\220}{subsection*.19}% 20
\BOOKMARK [3][-]{subsubsection*.21}{\376\377\0004\000.\0002\000\040\121\153\131\047\136\070\211\301\213\357\123\072}{subsection*.19}% 21
\BOOKMARK [2][-]{subsection*.22}{\376\377\116\224\060\001\121\170\127\213\117\213\230\230}{section.1}% 22
\BOOKMARK [2][-]{subsection*.23}{\376\377\116\003\060\001\147\054\202\202\140\073\176\323\000\040\000\267\000\040\220\037\147\345}{section.1}% 23
\BOOKMARK [2][-]{subsection*.24}{\376\377\121\153\060\001\176\303\116\140\230\230}{section.1}% 24
\BOOKMARK [2][-]{subsection*.25}{\376\377\116\135\060\001\123\302\200\003\173\124\150\110\116\016\143\320\171\072}{section.1}% 25
\BOOKMARK [2][-]{subsection*.26}{\376\377\123\101\060\001\136\366\117\070\226\005\213\373}{section.1}% 26
