\BOOKMARK [1][-]{section.1}{\376\377\123\026\133\146\136\163\210\141}{}% 1
\BOOKMARK [2][-]{subsection*.1}{\376\377\133\146\116\140\166\356\150\007}{section.1}% 2
\BOOKMARK [2][-]{subsection*.2}{\376\377\116\000\060\001\116\072\116\300\116\110\227\000\211\201\123\026\133\146\136\163\210\141}{section.1}% 3
\BOOKMARK [2][-]{subsection*.3}{\376\377\116\214\060\001\123\026\133\146\136\163\210\141\166\204\127\372\147\054\151\202\137\365}{section.1}% 4
\BOOKMARK [3][-]{subsubsection*.4}{\376\377\0002\000.\0001\000\040\123\357\220\006\123\315\136\224\116\016\122\250\140\001\136\163\210\141}{subsection*.3}% 5
\BOOKMARK [3][-]{subsubsection*.5}{\376\377\0002\000.\0002\000\040\136\163\210\141\136\070\145\160\146\057\123\315\136\224\166\204\162\171\137\201\136\070\145\160}{subsection*.3}% 6
\BOOKMARK [2][-]{subsection*.6}{\376\377\116\011\060\001\136\163\210\141\136\070\145\160}{section.1}% 7
\BOOKMARK [3][-]{subsubsection*.7}{\376\377\0003\000.\0001\000\040\133\236\232\214\136\163\210\141\136\070\145\160}{subsection*.6}% 8
\BOOKMARK [3][-]{subsubsection*.8}{\376\377\0003\000.\0002\000\040\116\146\121\231\136\163\210\141\136\070\145\160\166\204\211\304\122\031}{subsection*.6}% 9
\BOOKMARK [3][-]{subsubsection*.9}{\376\377\0003\000.\0003\000\040\150\007\121\306\136\163\210\141\136\070\145\160\000\040\000K\000\136\000\134\000t\000h\000e\000t\000a}{subsection*.6}% 10
\BOOKMARK [3][-]{subsubsection*.10}{\376\377\0003\000.\0004\000\040\000\134\000D\000e\000l\000t\000a\000\040\000G\000\136\000\134\000t\000h\000e\000t\000a\000\040\116\016\000\040\000K\000\136\000\134\000t\000h\000e\000t\000a\000\040\166\204\150\145\150\201\121\154\137\017}{subsection*.6}% 11
\BOOKMARK [3][-]{subsubsection*.11}{\376\377\0003\000.\0005\000\040\131\032\221\315\136\163\210\141\211\304\122\031}{subsection*.6}% 12
\BOOKMARK [2][-]{subsection*.12}{\376\377\126\333\060\001\123\315\136\224\145\271\124\021\122\044\145\255\377\032\000Q\000\040\116\016\000\040\000K\000\040\166\204\153\324\217\203}{section.1}% 13
\BOOKMARK [3][-]{subsubsection*.13}{\376\377\0004\000.\0001\000\040\000Q\000\040\166\204\116\146\121\231}{subsection*.12}% 14
\BOOKMARK [3][-]{subsubsection*.14}{\376\377\0004\000.\0002\000\040\000Q\000-\000K\000\040\122\044\145\255\166\204\133\232\221\317\122\006\147\220}{subsection*.12}% 15
\BOOKMARK [2][-]{subsection*.15}{\376\377\116\224\060\001\136\163\210\141\171\373\122\250}{section.1}% 16
\BOOKMARK [3][-]{subsubsection*.16}{\376\377\0005\000.\0001\000\040\122\322\131\017\162\171\122\027\123\237\164\006\000\050\133\232\140\047\000\051}{subsection*.15}% 17
\BOOKMARK [3][-]{subsubsection*.17}{\376\377\0005\000.\0002\000\040\155\123\136\246\116\016\123\213\122\233\166\204\137\161\124\315\040\024\145\071\123\330\000\040\000Q}{subsection*.15}% 18
\BOOKMARK [3][-]{subsubsection*.18}{\376\377\0005\000.\0003\000\040\140\360\140\047\154\024\117\123\166\204\137\161\124\315\000\050\172\336\215\133\232\330\230\221\000\051}{subsection*.15}% 19
\BOOKMARK [3][-]{subsubsection*.19}{\376\377\0005\000.\0004\000\040\156\051\136\246\166\204\137\161\124\315\040\024\145\071\123\330\000\040\000K}{subsection*.15}% 20
\BOOKMARK [3][-]{subsubsection*.20}{\376\377\0005\000.\0005\000\040\000C\000l\000a\000u\000s\000i\000u\000s\000-\000C\000l\000a\000p\000e\000y\000r\000o\000n\000\040\145\271\172\013\000\050\166\370\123\330\136\163\210\141\162\171\117\213\000\051}{subsection*.15}% 21
\BOOKMARK [3][-]{subsubsection*.21}{\376\377\0005\000.\0006\000\040\140\122\123\213\000\040\000v\000s\000\040\140\122\133\271\123\107\156\051\133\371\136\163\210\141\171\373\122\250\172\013\136\246\166\204\153\324\217\203}{subsection*.15}% 22
\BOOKMARK [2][-]{subsection*.22}{\376\377\121\155\060\001\136\163\210\141\213\241\173\227}{section.1}% 23
\BOOKMARK [3][-]{subsubsection*.23}{\376\377\0006\000.\0001\000\040\000I\000C\000E\000\040\210\150\145\271\154\325}{subsection*.22}% 24
\BOOKMARK [3][-]{subsubsection*.24}{\376\377\0006\000.\0002\000\040\136\163\210\141\217\154\123\026\163\207}{subsection*.22}% 25
\BOOKMARK [3][-]{subsubsection*.25}{\376\377\0006\000.\0003\000\040\122\006\211\343\123\213}{subsection*.22}% 26
\BOOKMARK [3][-]{subsubsection*.26}{\376\377\0006\000.\0004\000\040\136\163\210\141\213\241\173\227\220\032\165\050\155\101\172\013}{subsection*.22}% 27
\BOOKMARK [2][-]{subsection*.27}{\376\377\116\003\060\001\167\345\213\306\177\121\176\334\116\016\145\271\154\325\213\272}{section.1}% 28
\BOOKMARK [3][-]{subsubsection*.28}{\376\377\0007\000.\0001\000\040\000`\000`\000Q\000-\000K\000'\000'\000\040\122\006\147\220\150\106\147\266}{subsection*.27}% 29
\BOOKMARK [3][-]{subsubsection*.29}{\376\377\0007\000.\0002\000\040\116\011\131\047\150\070\137\303\121\154\137\017\166\204\121\163\174\373}{subsection*.27}% 30
\BOOKMARK [3][-]{subsubsection*.30}{\376\377\0007\000.\0003\000\040\156\051\136\246\137\161\124\315\166\204\116\044\171\315\131\004\164\006}{subsection*.27}% 31
\BOOKMARK [2][-]{subsection*.31}{\376\377\121\153\060\001\121\170\127\213\117\213\230\230}{section.1}% 32
\BOOKMARK [2][-]{subsection*.32}{\376\377\116\135\060\001\147\054\202\202\140\073\176\323\220\037\147\345}{section.1}% 33
\BOOKMARK [2][-]{subsection*.33}{\376\377\123\101\060\001\116\011\176\247\176\303\116\140\230\230}{section.1}% 34
\BOOKMARK [2][-]{subsection*.34}{\376\377\123\101\116\000\060\001\176\303\116\140\230\230\173\124\150\110}{section.1}% 35
