\BOOKMARK [1][-]{section.1}{\376\377\160\355\122\233\133\146\122\035\153\145}{}% 1
\BOOKMARK [2][-]{subsection*.2}{\376\377\133\146\116\140\166\356\150\007}{section.1}% 2
\BOOKMARK [2][-]{subsection*.3}{\376\377\116\000\060\001\116\072\116\300\116\110\227\000\211\201\160\355\122\233\133\146}{section.1}% 3
\BOOKMARK [2][-]{subsection*.4}{\376\377\116\214\060\001\221\317\160\355\116\016\123\315\136\224\160\355}{section.1}% 4
\BOOKMARK [3][-]{subsubsection*.5}{\376\377\0002\000.\0001\000\040\117\335\156\051\147\157\137\017\221\317\160\355\213\241}{subsection*.4}% 5
\BOOKMARK [3][-]{subsubsection*.6}{\376\377\0002\000.\0002\000\040\137\071\137\017\221\317\160\355\213\241}{subsection*.4}% 6
\BOOKMARK [2][-]{subsection*.7}{\376\377\116\011\060\001\121\205\200\375\116\016\161\023}{section.1}% 7
\BOOKMARK [3][-]{subsubsection*.8}{\376\377\0003\000.\0001\000\040\160\355\122\233\133\146\200\375\000\050\121\205\200\375\000\051\000U}{subsection*.7}% 8
\BOOKMARK [3][-]{subsubsection*.9}{\376\377\0003\000.\0002\000\040\160\355\122\233\133\146\173\054\116\000\133\232\137\213}{subsection*.7}% 9
\BOOKMARK [3][-]{subsubsection*.10}{\376\377\0003\000.\0003\000\040\161\023\000\040\000H}{subsection*.7}% 10
\BOOKMARK [3][-]{subsubsection*.11}{\376\377\0003\000.\0004\000\040\003\224\000U\000\040\116\016\000\040\003\224\000H\000\040\166\204\121\163\174\373}{subsection*.7}% 11
\BOOKMARK [2][-]{subsection*.12}{\376\377\126\333\060\001\160\355\123\026\133\146\145\271\172\013\137\017\116\016\166\326\145\257\133\232\137\213}{section.1}% 12
\BOOKMARK [3][-]{subsubsection*.13}{\376\377\0004\000.\0001\000\040\160\355\123\026\133\146\145\271\172\013\137\017}{subsection*.12}% 13
\BOOKMARK [3][-]{subsubsection*.14}{\376\377\0004\000.\0002\000\040\166\326\145\257\133\232\137\213}{subsection*.12}% 14
\BOOKMARK [3][-]{subsubsection*.15}{\376\377\0004\000.\0003\000\040\116\011\171\315\161\023\123\330\213\241\173\227\145\271\154\325}{subsection*.12}% 15
\BOOKMARK [3][-]{subsubsection*.16}{\376\377\0004\000.\0004\000\040\000B\000o\000r\000n\000-\000H\000a\000b\000e\000r\000\040\137\252\163\257}{subsection*.12}% 16
\BOOKMARK [2][-]{subsection*.17}{\376\377\116\224\060\001\161\265\116\016\160\355\122\233\133\146\173\054\116\214\133\232\137\213}{section.1}% 17
\BOOKMARK [3][-]{subsubsection*.18}{\376\377\0005\000.\0001\000\040\116\072\116\300\116\110\227\000\211\201\161\265}{subsection*.17}% 18
\BOOKMARK [3][-]{subsubsection*.19}{\376\377\0005\000.\0002\000\040\161\265\000\040\000S\000\040\166\204\133\232\116\111}{subsection*.17}% 19
\BOOKMARK [3][-]{subsubsection*.20}{\376\377\0005\000.\0003\000\040\133\232\140\047\122\044\145\255\000\040\003\224\000S\000\040\173\046\123\367\000\050\121\155\147\141\176\317\232\214\211\304\122\031\000\051}{subsection*.17}% 20
\BOOKMARK [2][-]{subsection*.21}{\376\377\121\155\060\001\000G\000i\000b\000b\000s\000\040\201\352\165\061\200\375\116\016\123\315\136\224\145\271\124\021}{section.1}% 21
\BOOKMARK [3][-]{subsubsection*.22}{\376\377\0006\000.\0001\000\040\000G\000i\000b\000b\000s\000\040\201\352\165\061\200\375\000\040\000G}{subsection*.21}% 22
\BOOKMARK [3][-]{subsubsection*.23}{\376\377\0006\000.\0002\000\040\126\333\174\173\123\315\136\224\166\204\201\352\123\321\140\047}{subsection*.21}% 23
\BOOKMARK [3][-]{subsubsection*.24}{\376\377\0006\000.\0003\000\040\000\134\000D\000e\000l\000t\000a\000\040\000G\000\136\000\134\000t\000h\000e\000t\000a\000\040\116\016\123\026\133\146\136\163\210\141\136\070\145\160}{subsection*.21}% 24
\BOOKMARK [3][-]{subsubsection*.25}{\376\377\0006\000.\0004\000\040\000\134\000D\000e\000l\000t\000a\000\040\000G\000\136\000\134\000t\000h\000e\000t\000a\000\040\116\016\150\007\121\306\165\065\122\250\122\277\000\040\000E\000\136\000\134\000t\000h\000e\000t\000a}{subsection*.21}% 25
\BOOKMARK [2][-]{subsection*.26}{\376\377\116\003\060\001\121\170\127\213\117\213\230\230}{section.1}% 26
\BOOKMARK [2][-]{subsection*.27}{\376\377\121\153\060\001\167\345\213\306\177\121\176\334\116\016\145\271\154\325\213\272}{section.1}% 27
\BOOKMARK [3][-]{subsubsection*.28}{\376\377\0008\000.\0001\000\040\160\355\122\233\133\146\121\375\145\160\121\163\174\373\140\073\126\376}{subsection*.27}% 28
\BOOKMARK [3][-]{subsubsection*.29}{\376\377\0008\000.\0002\000\040\160\355\123\026\133\146\213\241\173\227\116\011\153\145\154\325}{subsection*.27}% 29
\BOOKMARK [3][-]{subsubsection*.30}{\376\377\0008\000.\0003\000\040\123\315\136\224\201\352\123\321\140\047\122\044\145\255\155\101\172\013}{subsection*.27}% 30
\BOOKMARK [2][-]{subsection*.31}{\376\377\116\135\060\001\147\054\202\202\140\073\176\323\220\037\147\345}{section.1}% 31
\BOOKMARK [2][-]{subsection*.32}{\376\377\123\101\060\001\116\011\176\247\176\303\116\140\230\230}{section.1}% 32
\BOOKMARK [2][-]{subsection*.33}{\376\377\123\101\116\000\060\001\176\303\116\140\230\230\173\124\150\110}{section.1}% 33
