\BOOKMARK [1][-]{section.1}{\376\377\173\054\116\214\213\262\377\032\123\237\133\120\176\323\147\204}{}% 1
\BOOKMARK [2][-]{subsection*.2}{\376\377\133\146\116\140\166\356\150\007}{section.1}% 2
\BOOKMARK [2][-]{subsection*.3}{\376\377\116\000\060\001\123\237\133\120\176\323\147\204\152\041\127\213\166\204\123\321\134\125}{section.1}% 3
\BOOKMARK [3][-]{subsubsection*.4}{\376\377\0001\000.\0001\000\040\116\316\176\317\121\170\122\060\221\317\133\120\377\032\116\000\127\072\215\350\215\212\116\044\123\103\136\164\166\204\213\244\167\345\215\303\217\301}{subsection*.3}% 4
\BOOKMARK [3][-]{subsubsection*.5}{\376\377\0001\000.\0002\000\040\163\273\134\024\152\041\127\213\377\032\145\347\221\317\133\120\213\272\166\204\135\305\134\360\116\016\131\051\202\261\147\177}{subsection*.3}% 5
\BOOKMARK [3][-]{subsubsection*.11}{\376\377\0001\000.\0003\000\040\154\342\174\222\116\214\214\141\140\047\116\016\155\113\116\015\121\306\123\237\164\006\377\032\176\317\121\170\000'\000'\217\150\220\123\000'\000'\151\202\137\365\166\204\176\310\176\323}{subsection*.3}% 6
\BOOKMARK [2][-]{subsection*.16}{\376\377\116\214\060\001\150\070\131\026\165\065\133\120\217\320\122\250\162\266\140\001\166\204\143\317\217\360}{section.1}% 7
\BOOKMARK [3][-]{subsubsection*.17}{\376\377\0002\000.\0001\000\040\205\233\133\232\214\024\145\271\172\013\116\016\116\011\116\052\221\317\133\120\145\160\166\204\201\352\161\066\121\372\163\260}{subsection*.16}% 8
\BOOKMARK [3][-]{subsubsection*.21}{\376\377\0002\000.\0002\000\040\126\333\116\052\221\317\133\120\145\160\166\204\213\346\176\306\211\343\213\373}{subsection*.16}% 9
\BOOKMARK [3][-]{subsubsection*.27}{\376\377\0002\000.\0003\000\040\154\042\123\237\133\120\116\016\131\032\165\065\133\120\123\237\133\120\166\204\200\375\176\247}{subsection*.16}% 10
\BOOKMARK [2][-]{subsection*.34}{\376\377\116\011\060\001\127\372\140\001\123\237\133\120\150\070\131\026\165\065\133\120\143\222\136\003}{section.1}% 11
\BOOKMARK [3][-]{subsubsection*.35}{\376\377\0003\000.\0001\000\040\165\065\133\120\143\222\136\003\116\011\123\237\122\031}{subsection*.34}% 12
\BOOKMARK [3][-]{subsubsection*.39}{\376\377\0003\000.\0002\000\040\165\065\133\120\143\222\136\003\166\204\210\150\171\072\145\271\154\325}{subsection*.34}% 13
\BOOKMARK [3][-]{subsubsection*.40}{\376\377\0003\000.\0003\000\040\136\070\211\301\121\103\175\040\127\372\140\001\165\065\133\120\143\222\136\003}{subsection*.34}% 14
\BOOKMARK [3][-]{subsubsection*.44}{\376\377\0003\000.\0004\000\040\165\065\133\120\143\222\136\003\162\171\117\213\377\032\123\112\156\341\000/\121\150\156\341\172\063\133\232\123\026}{subsection*.34}% 15
\BOOKMARK [3][-]{subsubsection*.46}{\376\377\0003\000.\0005\000\040\171\273\133\120\165\065\133\120\143\222\136\003}{subsection*.34}% 16
\BOOKMARK [3][-]{subsubsection*.47}{\376\377\0003\000.\0006\000\040\124\150\147\037\137\213\126\333\131\047\215\213\122\277\166\204\126\376\137\142\123\026\164\006\211\343}{subsection*.34}% 17
\BOOKMARK [3][-]{subsubsection*.48}{\376\377\0003\000.\0007\000\040\116\316\123\237\133\120\176\323\147\204\122\060\123\026\133\146\140\047\215\050\377\032\153\041\176\247\124\150\147\037\140\047}{subsection*.34}% 18
\BOOKMARK [2][-]{subsection*.49}{\376\377\126\333\060\001\211\304\137\213\116\016\145\271\154\325}{section.1}% 19
\BOOKMARK [3][-]{subsubsection*.50}{\376\377\0004\000.\0001\000\040\116\011\174\173\000'\000'\230\172\136\217\000'\000'\166\204\155\361\136\246\217\250\147\220}{subsection*.49}% 20
\BOOKMARK [3][-]{subsubsection*.51}{\376\377\0004\000.\0002\000\040\121\153\131\047\136\070\211\301\213\357\123\072}{subsection*.49}% 21
\BOOKMARK [2][-]{subsection*.52}{\376\377\116\224\060\001\121\170\127\213\117\213\230\230}{section.1}% 22
\BOOKMARK [3][-]{subsubsection*.53}{\376\377\117\213\0001\000\040\165\065\133\120\143\222\136\003\116\146\121\231\000\040\053\120\053\120}{subsection*.52}% 23
\BOOKMARK [3][-]{subsubsection*.54}{\376\377\117\213\0002\000\040\221\317\133\120\145\160\124\010\154\325\140\047\122\044\145\255\000\040\053\120\053\120\053\120}{subsection*.52}% 24
\BOOKMARK [3][-]{subsubsection*.55}{\376\377\117\213\0003\000\040\000B\000a\000l\000m\000e\000r\174\373\154\342\225\177\213\241\173\227\000\040\053\120\053\120}{subsection*.52}% 25
\BOOKMARK [3][-]{subsubsection*.56}{\376\377\117\213\0004\000\040\147\052\142\020\133\371\165\065\133\120\145\160\000+\170\301\140\047\000\040\053\120\053\120\053\120}{subsection*.52}% 26
\BOOKMARK [3][-]{subsubsection*.57}{\376\377\117\213\0005\000\040\165\065\171\273\200\375\172\201\123\330\143\250\145\255\145\317\134\136\000\040\053\120\053\120\053\120}{subsection*.52}% 27
\BOOKMARK [3][-]{subsubsection*.58}{\376\377\117\213\0006\000\040\217\307\156\041\221\321\134\136\176\374\124\010\000\040\053\120\053\120\053\120\053\120}{subsection*.52}% 28
\BOOKMARK [3][-]{subsubsection*.59}{\376\377\117\213\0007\000\040\124\150\147\037\137\213\176\374\124\010\143\250\145\255\000\040\053\120\053\120\053\120\053\120}{subsection*.52}% 29
\BOOKMARK [2][-]{subsection*.60}{\376\377\116\003\060\001\147\054\202\202\140\073\176\323\000\040\000\267\000\040\220\037\147\345}{section.1}% 30
\BOOKMARK [2][-]{subsection*.61}{\376\377\121\153\060\001\176\303\116\140\230\230}{section.1}% 31
\BOOKMARK [3][-]{subsubsection*.62}{\376\377\0008\000.\0001\000\040\127\372\170\100\135\351\126\372}{subsection*.61}% 32
\BOOKMARK [3][-]{subsubsection*.63}{\376\377\0008\000.\0002\000\040\143\320\232\330\213\255\176\303}{subsection*.61}% 33
\BOOKMARK [3][-]{subsubsection*.64}{\376\377\0008\000.\0003\000\040\143\021\142\030\230\230}{subsection*.61}% 34
\BOOKMARK [2][-]{subsection*.65}{\376\377\116\135\060\001\123\302\200\003\173\124\150\110\116\016\143\320\171\072}{section.1}% 35
\BOOKMARK [2][-]{subsection*.66}{\376\377\123\101\060\001\136\366\117\070\226\005\213\373}{section.1}% 36
