\BOOKMARK [1][-]{section.1}{\376\377\173\054\121\155\213\262\377\032\146\166\117\123\133\146\127\372\170\100}{}% 1
\BOOKMARK [2][-]{subsection*.2}{\376\377\133\146\116\140\166\356\150\007}{section.1}% 2
\BOOKMARK [2][-]{subsection*.3}{\376\377\116\000\060\001\146\166\117\123\116\016\146\166\117\123\166\204\127\372\147\054\140\047\215\050}{section.1}% 3
\BOOKMARK [3][-]{subsubsection*.4}{\376\377\0001\000.\0001\000\040\146\166\117\123\166\204\133\232\116\111}{subsection*.3}% 4
\BOOKMARK [3][-]{subsubsection*.5}{\376\377\0001\000.\0002\000\040\146\166\117\123\166\204\126\333\116\052\127\372\147\054\140\047\215\050}{subsection*.3}% 5
\BOOKMARK [3][-]{subsubsection*.6}{\376\377\0001\000.\0003\000\040\146\166\117\123\116\016\227\136\146\166\117\123\166\204\133\371\153\324}{subsection*.3}% 6
\BOOKMARK [2][-]{subsection*.7}{\376\377\116\214\060\001\160\271\226\065\164\006\213\272}{section.1}% 7
\BOOKMARK [3][-]{subsubsection*.8}{\376\377\0002\000.\0001\000\040\176\323\147\204\127\372\121\103\116\016\160\271\226\065}{subsection*.7}% 8
\BOOKMARK [3][-]{subsubsection*.9}{\376\377\0002\000.\0002\000\040\136\163\227\142\160\271\226\065\116\016\153\143\137\123\123\125\117\115}{subsection*.7}% 9
\BOOKMARK [3][-]{subsubsection*.10}{\376\377\0002\000.\0003\000\040\172\172\225\364\160\271\226\065\116\016\0001\0004\171\315\136\003\142\311\176\364\150\074\133\120}{subsection*.7}% 10
\BOOKMARK [2][-]{subsection*.11}{\376\377\116\011\060\001\116\003\131\047\146\166\174\373}{section.1}% 11
\BOOKMARK [3][-]{subsubsection*.12}{\376\377\0003\000.\0001\000\040\146\166\200\336\123\302\145\160}{subsection*.11}% 12
\BOOKMARK [3][-]{subsubsection*.13}{\376\377\0003\000.\0002\000\040\116\003\131\047\146\166\174\373\166\204\146\166\200\336\123\302\145\160\162\171\137\201}{subsection*.11}% 13
\BOOKMARK [3][-]{subsubsection*.14}{\376\377\0003\000.\0003\000\040\146\166\174\373\166\204\133\371\171\360\140\047\122\044\133\232}{subsection*.11}% 14
\BOOKMARK [2][-]{subsection*.15}{\376\377\126\333\060\001\146\166\200\336}{section.1}% 15
\BOOKMARK [3][-]{subsubsection*.16}{\376\377\0004\000.\0001\000\040\146\166\200\336\166\204\127\372\147\054\162\171\137\201}{subsection*.15}% 16
\BOOKMARK [3][-]{subsubsection*.17}{\376\377\0004\000.\0002\000\040\175\040\146\166\200\336\116\016\131\015\146\166\200\336}{subsection*.15}% 17
\BOOKMARK [3][-]{subsubsection*.18}{\376\377\0004\000.\0003\000\040\146\166\200\336\116\055\123\237\133\120\166\204\122\006\145\160\127\120\150\007}{subsection*.15}% 18
\BOOKMARK [3][-]{subsubsection*.19}{\376\377\0004\000.\0004\000\040\146\166\200\336\116\055\166\204\123\237\133\120\213\241\145\160}{subsection*.15}% 19
\BOOKMARK [2][-]{subsection*.20}{\376\377\116\224\060\001\173\111\124\014\160\271\174\373}{section.1}% 20
\BOOKMARK [3][-]{subsubsection*.21}{\376\377\0005\000.\0001\000\040\133\232\116\111}{subsection*.20}% 21
\BOOKMARK [3][-]{subsubsection*.22}{\376\377\0005\000.\0002\000\040\142\306\122\006\211\304\122\031}{subsection*.20}% 22
\BOOKMARK [3][-]{subsubsection*.23}{\376\377\0005\000.\0003\000\040\136\224\165\050\171\072\117\213}{subsection*.20}% 23
\BOOKMARK [3][-]{subsubsection*.24}{\376\377\0005\000.\0004\000\040\173\111\124\014\160\271\174\373\116\016\160\271\226\065\166\204\123\072\122\053}{subsection*.20}% 24
\BOOKMARK [2][-]{subsection*.25}{\376\377\121\155\060\001\133\371\171\360\121\103\175\040\127\372\170\100}{section.1}% 25
\BOOKMARK [3][-]{subsubsection*.26}{\376\377\0006\000.\0001\000\040\146\166\117\123\116\055\166\204\133\371\171\360\121\103\175\040}{subsection*.25}% 26
\BOOKMARK [3][-]{subsubsection*.27}{\376\377\0006\000.\0002\000\040\146\166\117\123\166\204\133\371\171\360\140\047\226\120\122\066}{subsection*.25}% 27
\BOOKMARK [3][-]{subsubsection*.28}{\376\377\0006\000.\0003\000\040\146\166\174\373\116\016\133\371\171\360\140\047\166\204\133\371\136\224}{subsection*.25}% 28
\BOOKMARK [2][-]{subsection*.29}{\376\377\116\003\060\001\211\304\137\213\116\016\145\271\154\325}{section.1}% 29
\BOOKMARK [3][-]{subsubsection*.30}{\376\377\0007\000.\0001\000\040\146\166\117\123\133\146\122\006\147\220\166\204\116\011\153\145\155\101\172\013}{subsection*.29}% 30
\BOOKMARK [3][-]{subsubsection*.31}{\376\377\0007\000.\0002\000\040\136\070\211\301\213\357\123\072}{subsection*.29}% 31
\BOOKMARK [2][-]{subsection*.32}{\376\377\121\153\060\001\121\170\127\213\117\213\230\230}{section.1}% 32
\BOOKMARK [3][-]{subsubsection*.33}{\376\377\117\213\000\040\0001\000\040\000[\146\166\174\373\122\044\145\255\000\040\053\120\053\120}{subsection*.32}% 33
\BOOKMARK [3][-]{subsubsection*.34}{\376\377\117\213\000\040\0002\000\040\000[\146\166\200\336\123\237\133\120\213\241\145\160\000\040\053\120\053\120}{subsection*.32}% 34
\BOOKMARK [3][-]{subsubsection*.35}{\376\377\117\213\000\040\0003\000\040\000[\160\271\226\065\127\213\137\017\122\044\145\255\000\040\053\120\053\120\053\120}{subsection*.32}% 35
\BOOKMARK [3][-]{subsubsection*.36}{\376\377\117\213\000\040\0004\000\040\000[\173\111\124\014\160\271\174\373\000\040\053\120\053\120\053\120}{subsection*.32}% 36
\BOOKMARK [3][-]{subsubsection*.37}{\376\377\117\213\000\040\0005\000\040\000[\133\371\171\360\140\047\122\044\145\255\176\323\147\204\166\204\136\224\165\050\000\040\053\120\053\120\053\120}{subsection*.32}% 37
\BOOKMARK [2][-]{subsection*.38}{\376\377\116\135\060\001\142\323\134\125\116\016\200\124\174\373}{section.1}% 38
\BOOKMARK [3][-]{subsubsection*.39}{\376\377\0009\000.\0001\000\040\116\016\172\336\215\133\167\037\230\230\166\204\133\371\143\245}{subsection*.38}% 39
\BOOKMARK [3][-]{subsubsection*.40}{\376\377\0009\000.\0002\000\040\215\350\116\023\230\230\200\124\174\373}{subsection*.38}% 40
\BOOKMARK [3][-]{subsubsection*.41}{\376\377\0009\000.\0003\000\040\155\361\123\026\145\271\124\021\377\010\124\016\176\355\217\156\153\041\377\011}{subsection*.38}% 41
\BOOKMARK [2][-]{subsection*.42}{\376\377\123\101\060\001\147\054\202\202\140\073\176\323\000\040\000\267\000\040\220\037\147\345}{section.1}% 42
\BOOKMARK [2][-]{subsection*.43}{\376\377\123\101\116\000\060\001\176\303\116\140\230\230}{section.1}% 43
\BOOKMARK [3][-]{subsubsection*.44}{\376\377\0001\0001\000.\0001\000\040\127\372\170\100\135\351\126\372}{subsection*.43}% 44
\BOOKMARK [3][-]{subsubsection*.45}{\376\377\0001\0001\000.\0002\000\040\143\320\232\330\213\255\176\303}{subsection*.43}% 45
\BOOKMARK [3][-]{subsubsection*.46}{\376\377\0001\0001\000.\0003\000\040\143\021\142\030\230\230}{subsection*.43}% 46
\BOOKMARK [2][-]{subsection*.47}{\376\377\123\101\116\214\060\001\123\302\200\003\173\124\150\110\116\016\143\320\171\072}{section.1}% 47
\BOOKMARK [2][-]{subsection*.48}{\376\377\123\101\116\011\060\001\136\366\117\070\226\005\213\373}{section.1}% 48
