\BOOKMARK [1][-]{section.1}{\376\377\165\065\123\026\133\146\127\372\170\100}{}% 1
\BOOKMARK [2][-]{subsection*.2}{\376\377\133\146\116\140\166\356\150\007}{section.1}% 2
\BOOKMARK [2][-]{subsection*.3}{\376\377\116\000\060\001\116\072\116\300\116\110\227\000\211\201\165\065\123\026\133\146}{section.1}% 3
\BOOKMARK [2][-]{subsection*.4}{\376\377\116\214\060\001\123\237\165\065\154\140\116\016\165\065\122\250\122\277}{section.1}% 4
\BOOKMARK [3][-]{subsubsection*.5}{\376\377\0002\000.\0001\000\040\123\237\165\065\154\140\166\204\127\372\147\054\176\323\147\204}{subsection*.4}% 5
\BOOKMARK [3][-]{subsubsection*.6}{\376\377\0002\000.\0002\000\040\165\065\154\140\173\046\123\367\210\150\171\072}{subsection*.4}% 6
\BOOKMARK [3][-]{subsubsection*.7}{\376\377\0002\000.\0003\000\040\126\333\171\315\136\070\211\301\165\065\147\201\174\173\127\213}{subsection*.4}% 7
\BOOKMARK [3][-]{subsubsection*.8}{\376\377\0002\000.\0004\000\040\165\065\122\250\122\277\000\040\000E}{subsection*.4}% 8
\BOOKMARK [2][-]{subsection*.9}{\376\377\116\011\060\001\150\007\121\306\165\065\147\201\165\065\122\277}{section.1}% 9
\BOOKMARK [3][-]{subsubsection*.10}{\376\377\0003\000.\0001\000\040\150\007\121\306\154\042\165\065\147\201\000\050\000S\000H\000E\000\051}{subsection*.9}% 10
\BOOKMARK [3][-]{subsubsection*.11}{\376\377\0003\000.\0002\000\040\150\007\121\306\165\065\147\201\165\065\122\277\210\150\166\204\117\177\165\050}{subsection*.9}% 11
\BOOKMARK [2][-]{subsection*.12}{\376\377\126\333\060\001\000N\000e\000r\000n\000s\000t\000\040\145\271\172\013}{section.1}% 12
\BOOKMARK [3][-]{subsubsection*.13}{\376\377\0004\000.\0001\000\040\133\214\145\164\143\250\133\374\224\376}{subsection*.12}% 13
\BOOKMARK [3][-]{subsubsection*.14}{\376\377\0004\000.\0002\000\040\000N\000e\000r\000n\000s\000t\000\040\145\271\172\013\166\204\121\170\127\213\136\224\165\050}{subsection*.12}% 14
\BOOKMARK [2][-]{subsection*.19}{\376\377\116\224\060\001\000\134\000D\000e\000l\000t\000a\000\040\000\134\0001\000\136\000\173\000\134\000c\000i\000r\000c\000\175\000\040\000=\000\040\042\022\000n\000F\000E\000\260\000\040\116\016\000\040\000\134\000D\000e\000l\000t\000a\000\040\000\134\0001\000\136\000\173\000\134\000c\000i\000r\000c\000\175\000\040\000=\000\040\042\022\000R\000T\000\040\000l\000n\000\040\000K\000\136\000\173\000\134\000c\000i\000r\000c\000\175\000\040\166\204\176\337\116\000}{section.1}% 15
\BOOKMARK [3][-]{subsubsection*.20}{\376\377\0005\000.\0001\000\040\116\011\116\052\150\070\137\303\150\145\150\201\121\154\137\017}{subsection*.19}% 16
\BOOKMARK [3][-]{subsubsection*.21}{\376\377\0005\000.\0002\000\040\171\072\117\213\377\032\116\316\000\040\000E\000\136\000\173\000\134\000c\000i\000r\000c\000\175\000\040\213\241\173\227\000\040\000K\000\136\000\173\000\134\000c\000i\000r\000c\000\175}{subsection*.19}% 17
\BOOKMARK [3][-]{subsubsection*.22}{\376\377\0005\000.\0003\000\040\116\316\000\040\000E\000\136\000\173\000\134\000c\000i\000r\000c\000\175\000\040\213\241\173\227\000\040\000K\000\137\000\173\000\134\0001\000\175}{subsection*.19}% 18
\BOOKMARK [2][-]{subsection*.23}{\376\377\121\155\060\001\000L\000a\000t\000i\000m\000e\000r\000\040\126\376\116\016\121\103\175\040\165\065\122\277\126\376}{section.1}% 19
\BOOKMARK [3][-]{subsubsection*.24}{\376\377\0006\000.\0001\000\040\000L\000a\000t\000i\000m\000e\000r\000\040\126\376}{subsection*.23}% 20
\BOOKMARK [3][-]{subsubsection*.25}{\376\377\0006\000.\0002\000\040\116\316\000\040\000L\000a\000t\000i\000m\000e\000r\000\040\126\376\213\241\173\227\227\136\166\370\220\273\162\151\171\315\166\204\000\040\000E\000\136\000\173\000\134\000c\000i\000r\000c\000\175}{subsection*.23}% 21
\BOOKMARK [3][-]{subsubsection*.26}{\376\377\0006\000.\0003\000\040\153\147\123\026\123\315\136\224\166\204\122\044\145\255}{subsection*.23}% 22
\BOOKMARK [2][-]{subsection*.27}{\376\377\116\003\060\001\165\065\123\026\133\146\201\120\206\200\116\016\226\062\201\120}{section.1}% 23
\BOOKMARK [3][-]{subsubsection*.28}{\376\377\0007\000.\0001\000\040\165\065\123\026\133\146\201\120\206\200\166\204\174\173\127\213}{subsection*.27}% 24
\BOOKMARK [3][-]{subsubsection*.29}{\376\377\0007\000.\0002\000\040\226\062\201\120\145\271\154\325}{subsection*.27}% 25
\BOOKMARK [2][-]{subsection*.30}{\376\377\121\153\060\001\123\026\133\146\165\065\156\220\173\200\116\313}{section.1}% 26
\BOOKMARK [3][-]{subsubsection*.31}{\376\377\0008\000.\0001\000\040\136\070\211\301\123\026\133\146\165\065\156\220}{subsection*.30}% 27
\BOOKMARK [3][-]{subsubsection*.32}{\376\377\0008\000.\0002\000\040\224\305\204\304\165\065\154\140\213\346\211\343}{subsection*.30}% 28
\BOOKMARK [3][-]{subsubsection*.33}{\376\377\0008\000.\0003\000\040\161\303\145\231\165\065\154\140}{subsection*.30}% 29
\BOOKMARK [2][-]{subsection*.34}{\376\377\116\135\060\001\121\170\127\213\117\213\230\230}{section.1}% 30
\BOOKMARK [2][-]{subsection*.35}{\376\377\123\101\060\001\147\054\202\202\140\073\176\323\220\037\147\345}{section.1}% 31
\BOOKMARK [2][-]{subsection*.36}{\376\377\123\101\116\000\060\001\116\011\176\247\176\303\116\140\230\230}{section.1}% 32
\BOOKMARK [2][-]{subsection*.37}{\376\377\123\101\116\214\060\001\176\303\116\140\230\230\173\124\150\110}{section.1}% 33
