\BOOKMARK [1][-]{section.1}{\376\377\221\115\117\115\123\026\124\010\162\151\127\372\170\100}{}% 1
\BOOKMARK [2][-]{subsection*.1}{\376\377\133\146\116\140\166\356\150\007}{section.1}% 2
\BOOKMARK [2][-]{subsection*.2}{\376\377\116\000\060\001\150\070\137\303\151\202\137\365}{section.1}% 3
\BOOKMARK [3][-]{subsubsection*.3}{\376\377\0001\000.\0001\000\040\221\115\117\115\225\056\116\015\146\057\000'\000'\162\171\153\212\225\056\000'\000'\040\024\133\203\146\057\000\040\000L\000e\000w\000i\000s\000\040\221\170\170\261\133\371\166\204\201\352\161\066\136\366\117\070}{subsection*.2}% 4
\BOOKMARK [3][-]{subsubsection*.4}{\376\377\0001\000.\0002\000\040\221\115\124\010\162\151\166\204\176\304\142\020}{subsection*.2}% 5
\BOOKMARK [3][-]{subsubsection*.6}{\376\377\0001\000.\0003\000\040\136\070\211\301\116\055\137\303\171\273\133\120\116\016\221\115\117\123}{subsection*.2}% 6
\BOOKMARK [3][-]{subsubsection*.7}{\376\377\0001\000.\0004\000\040\221\115\117\115\145\160}{subsection*.2}% 7
\BOOKMARK [3][-]{subsubsection*.8}{\376\377\0001\000.\0005\000\040\221\115\124\010\162\151\166\204\124\175\124\015\040\024\000`\000`\124\015\171\360\000'\000'\123\314\124\021\177\373\213\321}{subsection*.2}% 8
\BOOKMARK [2][-]{subsection*.9}{\376\377\116\214\060\001\211\304\137\213\116\016\145\271\154\325}{section.1}% 9
\BOOKMARK [3][-]{subsubsection*.10}{\376\377\0002\000.\0001\000\040\116\367\225\056\164\006\213\272\000\050\000V\000B\000\040\000T\000h\000e\000o\000r\000y\000\051\040\024\116\316\147\102\123\026\217\150\220\123\167\013\221\115\124\010\162\151\147\204\127\213}{subsection*.9}% 10
\BOOKMARK [3][-]{subsubsection*.11}{\376\377\0002\000.\0002\000\040\000E\000A\000N\000\040\0001\0008\000\040\165\065\133\120\211\304\122\031\040\024\221\321\134\136\147\011\147\072\221\115\124\010\162\151\166\204\000'\000'\121\153\226\205\117\123\000'\000'}{subsection*.9}% 11
\BOOKMARK [3][-]{subsubsection*.12}{\376\377\0002\000.\0003\000\040\146\166\117\123\127\072\164\006\213\272\000\050\000C\000F\000T\000\051\040\024\116\072\116\300\116\110\221\115\124\010\162\151\147\011\230\234\202\162\124\214\170\301\140\047\377\037}{subsection*.9}% 12
\BOOKMARK [3][-]{subsubsection*.24}{\376\377\0002\000.\0004\000\040\221\115\124\010\162\151\166\204\137\002\147\204\163\260\214\141}{subsection*.9}% 13
\BOOKMARK [3][-]{subsubsection*.28}{\376\377\0002\000.\0005\000\040\136\070\211\301\213\357\123\072\116\016\213\244\167\345\226\167\226\061}{subsection*.9}% 14
\BOOKMARK [2][-]{subsection*.29}{\376\377\116\011\060\001\121\170\127\213\117\213\230\230}{section.1}% 15
\BOOKMARK [2][-]{subsection*.30}{\376\377\126\333\060\001\142\323\134\125\116\016\200\124\174\373}{section.1}% 16
\BOOKMARK [3][-]{subsubsection*.31}{\376\377\0004\000.\0001\000\040\116\016\172\336\215\133\167\037\230\230\166\204\133\371\143\245}{subsection*.30}% 17
\BOOKMARK [3][-]{subsubsection*.32}{\376\377\0004\000.\0002\000\040\215\350\116\023\230\230\200\124\174\373}{subsection*.30}% 18
\BOOKMARK [2][-]{subsection*.33}{\376\377\116\224\060\001\145\271\154\325\140\073\176\323}{section.1}% 19
\BOOKMARK [3][-]{subsubsection*.34}{\376\377\0005\000.\0001\000\040\221\115\124\010\162\151\122\006\147\220\126\333\153\145\154\325}{subsection*.33}% 20
\BOOKMARK [3][-]{subsubsection*.35}{\376\377\0005\000.\0002\000\040\150\070\137\303\220\037\147\345\210\150}{subsection*.33}% 21
\BOOKMARK [3][-]{subsubsection*.36}{\376\377\0005\000.\0003\000\040\232\330\000/\117\116\201\352\145\313\122\044\145\255\155\101\172\013\126\376}{subsection*.33}% 22
\BOOKMARK [2][-]{subsection*.37}{\376\377\121\155\060\001\176\303\116\140\230\230}{section.1}% 23
\BOOKMARK [2][-]{subsection*.38}{\376\377\116\003\060\001\123\302\200\003\173\124\150\110\116\016\143\320\171\072}{section.1}% 24
\BOOKMARK [2][-]{subsection*.39}{\376\377\121\153\060\001\136\366\117\070\226\005\213\373}{section.1}% 25
