\BOOKMARK [1][-]{section.1}{\376\377\122\006\133\120\176\323\147\204\127\372\170\100}{}% 1
\BOOKMARK [2][-]{subsection*.1}{\376\377\133\146\116\140\166\356\150\007}{section.1}% 2
\BOOKMARK [2][-]{subsection*.2}{\376\377\116\000\060\001\123\026\133\146\225\056\127\372\170\100\000\040\040\024\000\040\123\237\133\120\116\072\116\300\116\110\142\020\225\056\377\037\225\056\147\011\124\352\116\233\174\173\127\213\377\037}{section.1}% 3
\BOOKMARK [3][-]{subsubsection*.3}{\376\377\0001\000.\0001\000\040\116\072\116\300\116\110\123\237\133\120\211\201\142\020\225\056\377\037}{subsection*.2}% 4
\BOOKMARK [3][-]{subsubsection*.4}{\376\377\0001\000.\0002\000\040\116\011\131\047\127\372\147\054\225\056\127\213}{subsection*.2}% 5
\BOOKMARK [3][-]{subsubsection*.7}{\376\377\0001\000.\0003\000\040\165\065\215\037\140\047\000\040\040\024\000\040\122\044\145\255\225\056\127\213\166\204\150\007\134\072}{subsection*.2}% 6
\BOOKMARK [3][-]{subsubsection*.10}{\376\377\0001\000.\0004\000\040\121\161\116\367\225\056\166\204\147\054\215\050\000\040\040\024\000\040\217\150\220\123\221\315\123\340}{subsection*.2}% 7
\BOOKMARK [3][-]{subsubsection*.13}{\376\377\0001\000.\0005\000\040\221\115\117\115\225\056\000\040\040\024\000\040\162\171\153\212\166\204\121\161\116\367\225\056}{subsection*.2}% 8
\BOOKMARK [2][-]{subsection*.15}{\376\377\116\214\060\001\000L\000e\000w\000i\000s\000\040\176\323\147\204\000\040\040\024\000\040\142\020\225\056\166\204\213\355\212\000}{section.1}% 9
\BOOKMARK [3][-]{subsubsection*.16}{\376\377\0002\000.\0001\000\040\116\072\116\300\116\110\116\316\000\040\000L\000e\000w\000i\000s\000\040\176\323\147\204\137\000\131\313\377\037}{subsection*.15}% 10
\BOOKMARK [3][-]{subsubsection*.17}{\376\377\0002\000.\0002\000\040\000L\000e\000w\000i\000s\000\040\176\323\147\204\116\146\121\231\000\040\040\024\000\040\116\224\153\145\154\325}{subsection*.15}% 11
\BOOKMARK [3][-]{subsubsection*.18}{\376\377\0002\000.\0002\000b\000\040\225\056\145\160\121\154\137\017\000\040\040\024\000\040\165\073\000\040\000L\000e\000w\000i\000s\000\040\176\323\147\204\122\115\166\204\000'\000'\171\322\173\227\000'\000'\135\345\121\167}{subsection*.15}% 12
\BOOKMARK [3][-]{subsubsection*.19}{\376\377\0002\000.\0003\000\040\137\142\137\017\165\065\203\167\000\050\000F\000o\000r\000m\000a\000l\000\040\000C\000h\000a\000r\000g\000e\000\051}{subsection*.15}% 13
\BOOKMARK [3][-]{subsubsection*.20}{\376\377\0002\000.\0004\000\040\121\161\143\057\176\323\147\204}{subsection*.15}% 14
\BOOKMARK [3][-]{subsubsection*.21}{\376\377\0002\000.\0005\000\040\000L\000e\000w\000i\000s\000\040\176\323\147\204\137\017\166\204\134\100\226\120\140\047}{subsection*.15}% 15
\BOOKMARK [2][-]{subsection*.22}{\376\377\116\011\060\001\000V\000S\000E\000P\000R\000\040\164\006\213\272\000\040\040\024\000\040\163\034\137\142\162\266}{section.1}% 16
\BOOKMARK [3][-]{subsubsection*.23}{\376\377\0003\000.\0001\000\040\150\070\137\303\140\035\140\363}{subsection*.22}% 17
\BOOKMARK [3][-]{subsubsection*.24}{\376\377\0003\000.\0002\000\040\000A\000X\040\231\000E\040\230\000\040\152\041\127\213}{subsection*.22}% 18
\BOOKMARK [3][-]{subsubsection*.26}{\376\377\0003\000.\0003\000\040\121\163\225\056\211\304\122\031}{subsection*.22}% 19
\BOOKMARK [3][-]{subsubsection*.27}{\376\377\0003\000.\0004\000\040\122\006\133\120\147\201\140\047\122\044\145\255\000\040\040\024\000\040\116\011\153\145\154\325}{subsection*.22}% 20
\BOOKMARK [2][-]{subsection*.28}{\376\377\126\333\060\001\147\102\123\026\217\150\220\123\164\006\213\272\000\040\040\024\000\040\211\343\221\312\116\072\116\300\116\110}{section.1}% 21
\BOOKMARK [3][-]{subsubsection*.29}{\376\377\0004\000.\0001\000\040\147\102\123\026\174\173\127\213\116\016\121\340\117\125\147\204\127\213}{subsection*.28}% 22
\BOOKMARK [3][-]{subsubsection*.32}{\376\377\0004\000.\0002\000\040\173\111\140\047\147\102\123\026\000\040\000v\000s\000\040\116\015\173\111\140\047\147\102\123\026}{subsection*.28}% 23
\BOOKMARK [3][-]{subsubsection*.33}{\376\377\0004\000.\0003\000\040\144\315\117\134\123\343\213\300}{subsection*.28}% 24
\BOOKMARK [2][-]{subsection*.34}{\376\377\116\224\060\001\171\273\127\337\040\024\000\040\215\205\215\212\133\232\127\337\225\056}{section.1}% 25
\BOOKMARK [3][-]{subsubsection*.35}{\376\377\0005\000.\0001\000\040\137\142\142\020\147\141\116\366}{subsection*.34}% 26
\BOOKMARK [3][-]{subsubsection*.36}{\376\377\0005\000.\0002\000\040\210\150\171\072\154\325}{subsection*.34}% 27
\BOOKMARK [3][-]{subsubsection*.37}{\376\377\0005\000.\0003\000\040\136\070\211\301\133\236\117\213}{subsection*.34}% 28
\BOOKMARK [3][-]{subsubsection*.38}{\376\377\0005\000.\0004\000\040\000d\000-\000p\225\056\163\260\214\141\000\050\160\271\122\060\116\072\153\142\000\051}{subsection*.34}% 29
\BOOKMARK [2][-]{subsection*.39}{\376\377\121\155\060\001\173\111\165\065\133\120\117\123\000\040\040\024\000\040\217\301\171\373\230\204\155\113\166\204\122\051\126\150}{section.1}% 30
\BOOKMARK [3][-]{subsubsection*.40}{\376\377\0006\000.\0001\000\040\133\232\116\111}{subsection*.39}% 31
\BOOKMARK [3][-]{subsubsection*.41}{\376\377\0006\000.\0002\000\040\136\070\165\050\173\111\165\065\133\120\117\123\136\217\122\027}{subsection*.39}% 32
\BOOKMARK [2][-]{subsection*.42}{\376\377\116\003\060\001\122\006\133\120\217\150\220\123\000\050\000M\000O\000\051\164\006\213\272\000\040\040\024\000\040\147\000\133\214\145\164\166\204\165\073\120\317}{section.1}% 33
\BOOKMARK [3][-]{subsubsection*.43}{\376\377\0007\000.\0001\000\040\116\072\116\300\116\110\227\000\211\201\000\040\000M\000O\000\040\164\006\213\272\377\037}{subsection*.42}% 34
\BOOKMARK [3][-]{subsubsection*.44}{\376\377\0007\000.\0002\000\040\127\372\147\054\151\202\137\365}{subsection*.42}% 35
\BOOKMARK [3][-]{subsubsection*.46}{\376\377\0007\000.\0003\000\040\173\054\116\214\124\150\147\037\123\314\123\237\133\120\122\006\133\120\000\040\000M\000O\000\040\200\375\176\247\126\376}{subsection*.42}% 36
\BOOKMARK [3][-]{subsubsection*.48}{\376\377\0007\000.\0004\000\040\121\170\127\213\122\006\133\120\166\204\000\040\000M\000O\000\040\165\065\133\120\143\222\136\003}{subsection*.42}% 37
\BOOKMARK [2][-]{subsection*.49}{\376\377\121\153\060\001\122\006\133\120\225\364\117\134\165\050\122\233\000\040\040\024\000\040\116\316\122\006\133\120\122\060\200\132\226\306\140\001}{section.1}% 38
\BOOKMARK [3][-]{subsubsection*.50}{\376\377\0008\000.\0001\000\040\122\006\133\120\225\364\122\233\151\202\217\360}{subsection*.49}% 39
\BOOKMARK [3][-]{subsubsection*.52}{\376\377\0008\000.\0002\000\040\154\042\225\056}{subsection*.49}% 40
\BOOKMARK [2][-]{subsection*.53}{\376\377\116\135\060\001\121\170\127\213\117\213\230\230}{section.1}% 41
\BOOKMARK [2][-]{subsection*.54}{\376\377\123\101\060\001\145\271\154\325\140\073\176\323\000\040\000\267\000\040\176\323\147\204\230\204\155\113\135\345\121\167\224\376}{section.1}% 42
\BOOKMARK [3][-]{subsubsection*.55}{\376\377\0001\0000\000.\0001\000\040\117\177\165\050\230\172\136\217}{subsection*.54}% 43
\BOOKMARK [3][-]{subsubsection*.56}{\376\377\0001\0000\000.\0002\000\040\150\070\137\303\220\037\147\345\210\150}{subsection*.54}% 44
\BOOKMARK [2][-]{subsection*.57}{\376\377\123\101\116\000\060\001\176\303\116\140\230\230}{section.1}% 45
\BOOKMARK [2][-]{subsection*.58}{\376\377\123\101\116\214\060\001\123\302\200\003\173\124\150\110\116\016\143\320\171\072}{section.1}% 46
\BOOKMARK [2][-]{subsection*.59}{\376\377\123\101\116\011\060\001\136\366\117\070\226\005\213\373}{section.1}% 47
