\BOOKMARK [1][-]{section.1}{\376\377\156\266\155\262\116\016\166\370\126\376}{}% 1
\BOOKMARK [2][-]{subsection*.2}{\376\377\133\146\116\140\166\356\150\007}{section.1}% 2
\BOOKMARK [2][-]{subsection*.3}{\376\377\116\000\060\001\116\072\116\300\116\110\227\000\211\201\156\266\155\262\164\006\213\272}{section.1}% 3
\BOOKMARK [2][-]{subsection*.4}{\376\377\116\214\060\001\155\123\136\246\210\150\171\072\154\325}{section.1}% 4
\BOOKMARK [3][-]{subsubsection*.5}{\376\377\0002\000.\0001\000\040\116\003\171\315\155\123\136\246\210\150\171\072\154\325}{subsection*.4}% 5
\BOOKMARK [3][-]{subsubsection*.6}{\376\377\0002\000.\0002\000\040\155\123\136\246\143\142\173\227\171\072\117\213}{subsection*.4}% 6
\BOOKMARK [2][-]{subsection*.7}{\376\377\116\011\060\001\156\266\211\343\136\246\116\016\000'\000'\166\370\117\074\166\370\156\266\000'\000'}{section.1}% 7
\BOOKMARK [3][-]{subsubsection*.8}{\376\377\0003\000.\0001\000\040\000`\000`\166\370\117\074\166\370\156\266\000'\000'\123\237\122\031}{subsection*.7}% 8
\BOOKMARK [3][-]{subsubsection*.9}{\376\377\0003\000.\0002\000\040\156\266\211\343\136\246\116\016\156\051\136\246}{subsection*.7}% 9
\BOOKMARK [3][-]{subsubsection*.10}{\376\377\0003\000.\0003\000\040\217\307\231\161\124\214\156\266\155\262}{subsection*.7}% 10
\BOOKMARK [2][-]{subsection*.11}{\376\377\126\333\060\001\000R\000a\000o\000u\000l\000t\000\040\133\232\137\213\116\016\117\235\145\160\140\047}{section.1}% 11
\BOOKMARK [3][-]{subsubsection*.12}{\376\377\0004\000.\0001\000\040\000R\000a\000o\000u\000l\000t\000\040\133\232\137\213}{subsection*.11}% 12
\BOOKMARK [3][-]{subsubsection*.13}{\376\377\0004\000.\0002\000\040\154\270\160\271\123\107\232\330}{subsection*.11}% 13
\BOOKMARK [3][-]{subsubsection*.14}{\376\377\0004\000.\0003\000\040\121\335\126\372\160\271\226\115\117\116}{subsection*.11}% 14
\BOOKMARK [3][-]{subsubsection*.15}{\376\377\0004\000.\0004\000\040\156\027\220\017\123\213}{subsection*.11}% 15
\BOOKMARK [3][-]{subsubsection*.16}{\376\377\0004\000.\0005\000\040\117\235\145\160\140\047\155\113\133\232\122\006\133\120\221\317\166\204\145\271\154\325\153\324\217\203}{subsection*.11}% 16
\BOOKMARK [2][-]{subsection*.17}{\376\377\116\224\060\001\000H\000e\000n\000r\000y\000\040\133\232\137\213\116\016\122\006\221\115\133\232\137\213}{section.1}% 17
\BOOKMARK [3][-]{subsubsection*.18}{\376\377\0005\000.\0001\000\040\000H\000e\000n\000r\000y\000\040\133\232\137\213}{subsection*.17}% 18
\BOOKMARK [3][-]{subsubsection*.19}{\376\377\0005\000.\0002\000\040\122\006\221\115\133\232\137\213\116\016\204\003\123\326}{subsection*.17}% 19
\BOOKMARK [2][-]{subsection*.20}{\376\377\121\155\060\001\166\370\126\376\116\016\166\370\137\213}{section.1}% 20
\BOOKMARK [3][-]{subsubsection*.21}{\376\377\0006\000.\0001\000\040\000G\000i\000b\000b\000s\000\040\166\370\137\213}{subsection*.20}% 21
\BOOKMARK [3][-]{subsubsection*.22}{\376\377\0006\000.\0002\000\040\123\125\176\304\122\006\166\370\126\376\000\050\154\064\000\051}{subsection*.20}% 22
\BOOKMARK [3][-]{subsubsection*.23}{\376\377\0006\000.\0003\000\040\123\314\176\304\122\006\166\370\126\376}{subsection*.20}% 23
\BOOKMARK [2][-]{subsection*.24}{\376\377\116\003\060\001\200\366\117\123}{section.1}% 24
\BOOKMARK [3][-]{subsubsection*.25}{\376\377\0007\000.\0001\000\040\200\366\117\123\166\204\127\372\147\054\151\202\137\365}{subsection*.24}% 25
\BOOKMARK [3][-]{subsubsection*.26}{\376\377\0007\000.\0002\000\040\200\366\117\123\166\204\140\047\215\050}{subsection*.24}% 26
\BOOKMARK [3][-]{subsubsection*.27}{\376\377\0007\000.\0003\000\040\200\366\117\123\166\204\176\323\147\204}{subsection*.24}% 27
\BOOKMARK [2][-]{subsection*.28}{\376\377\121\153\060\001\167\345\213\306\177\121\176\334\116\016\145\271\154\325\213\272}{section.1}% 28
\BOOKMARK [3][-]{subsubsection*.29}{\376\377\0008\000.\0001\000\040\117\235\145\160\140\047\213\241\173\227\155\101\172\013}{subsection*.28}% 29
\BOOKMARK [3][-]{subsubsection*.30}{\376\377\0008\000.\0002\000\040\166\370\126\376\226\005\213\373\155\101\172\013}{subsection*.28}% 30
\BOOKMARK [2][-]{subsection*.31}{\376\377\116\135\060\001\121\170\127\213\117\213\230\230}{section.1}% 31
\BOOKMARK [2][-]{subsection*.32}{\376\377\123\101\060\001\147\054\202\202\140\073\176\323\220\037\147\345}{section.1}% 32
\BOOKMARK [2][-]{subsection*.33}{\376\377\123\101\116\000\060\001\116\011\176\247\176\303\116\140\230\230}{section.1}% 33
\BOOKMARK [2][-]{subsection*.34}{\376\377\123\101\116\214\060\001\176\303\116\140\230\230\173\124\150\110}{section.1}% 34
