\BOOKMARK [1][-]{section.1}{\376\377\221\170\170\261\164\006\213\272}{}% 1
\BOOKMARK [2][-]{subsection*.1}{\376\377\133\146\116\140\166\356\150\007}{section.1}% 2
\BOOKMARK [2][-]{subsection*.2}{\376\377\116\000\060\001\116\072\116\300\116\110\227\000\211\201\221\170\170\261\164\006\213\272}{section.1}% 3
\BOOKMARK [2][-]{subsection*.3}{\376\377\116\214\060\001\000B\000r\000\370\000n\000s\000t\000e\000d\000\040\215\050\133\120\164\006\213\272}{section.1}% 4
\BOOKMARK [3][-]{subsubsection*.4}{\376\377\0002\000.\0001\000\040\127\372\147\054\133\232\116\111}{subsection*.3}% 5
\BOOKMARK [3][-]{subsubsection*.5}{\376\377\0002\000.\0002\000\040\116\044\140\047\162\151\215\050}{subsection*.3}% 6
\BOOKMARK [3][-]{subsubsection*.6}{\376\377\0002\000.\0003\000\040\000B\000r\000\370\000n\000s\000t\000e\000d\000\040\123\315\136\224\166\204\116\011\171\315\174\173\127\213}{subsection*.3}% 7
\BOOKMARK [3][-]{subsubsection*.7}{\376\377\0002\000.\0004\000\040\142\311\136\163\145\110\136\224\116\016\123\072\122\006\145\110\136\224}{subsection*.3}% 8
\BOOKMARK [2][-]{subsection*.8}{\376\377\116\011\060\001\121\161\217\155\221\170\170\261\133\371\116\016\000\040\000K\000a\000/\000K\000b}{section.1}% 9
\BOOKMARK [3][-]{subsubsection*.9}{\376\377\0003\000.\0001\000\040\000K\000a\000\040\116\016\000\040\000K\000b\000\040\166\204\121\163\174\373}{subsection*.8}% 10
\BOOKMARK [3][-]{subsubsection*.10}{\376\377\0003\000.\0002\000\040\000K\000a\000\040\166\204\162\151\164\006\141\017\116\111}{subsection*.8}% 11
\BOOKMARK [3][-]{subsubsection*.11}{\376\377\0003\000.\0003\000\040\137\061\221\170\137\061\170\261\122\006\174\173}{subsection*.8}% 12
\BOOKMARK [2][-]{subsection*.12}{\376\377\126\333\060\001\154\064\166\204\201\352\120\166\165\065\171\273\116\016\000\040\000p\000H}{section.1}% 13
\BOOKMARK [3][-]{subsubsection*.13}{\376\377\0004\000.\0001\000\040\154\064\166\204\171\273\133\120\171\357}{subsection*.12}% 14
\BOOKMARK [3][-]{subsubsection*.14}{\376\377\0004\000.\0002\000\040\000p\000H\000\040\133\232\116\111\116\016\147\011\145\110\145\160\133\127}{subsection*.12}% 15
\BOOKMARK [2][-]{subsection*.15}{\376\377\116\224\060\001\137\061\221\170\137\061\170\261\165\065\171\273\136\163\210\141}{section.1}% 16
\BOOKMARK [3][-]{subsubsection*.16}{\376\377\0005\000.\0001\000\040\123\125\215\050\133\120\137\061\221\170\377\032\120\107\213\276\000-\232\214\213\301\154\325}{subsection*.15}% 17
\BOOKMARK [3][-]{subsubsection*.17}{\376\377\0005\000.\0002\000\040\174\276\170\156\154\325\000\050\116\214\153\041\145\271\172\013\000\051}{subsection*.15}% 18
\BOOKMARK [3][-]{subsubsection*.18}{\376\377\0005\000.\0003\000\040\123\315\117\213\377\032\173\200\123\026\121\154\137\017\131\061\145\110}{subsection*.15}% 19
\BOOKMARK [3][-]{subsubsection*.19}{\376\377\0005\000.\0004\000\040\137\061\221\170\156\266\155\262\116\055\000\040\000[\000H\000+\000]\000\040\166\204\174\276\170\156\131\004\164\006}{subsection*.15}% 20
\BOOKMARK [2][-]{subsection*.20}{\376\377\121\155\060\001\131\032\121\103\137\061\221\170\116\016\116\044\140\047\162\151\215\050}{section.1}% 21
\BOOKMARK [3][-]{subsubsection*.21}{\376\377\0006\000.\0001\000\040\131\032\121\103\137\061\221\170\166\204\122\006\176\247\165\065\171\273}{subsection*.20}% 22
\BOOKMARK [3][-]{subsubsection*.22}{\376\377\0006\000.\0002\000\040\116\044\140\047\162\151\215\050\166\204\000\040\000p\000H}{subsection*.20}% 23
\BOOKMARK [2][-]{subsection*.23}{\376\377\116\003\060\001\177\023\121\262\156\266\155\262}{section.1}% 24
\BOOKMARK [3][-]{subsubsection*.24}{\376\377\0007\000.\0001\000\040\000H\000e\000n\000d\000e\000r\000s\000o\000n\000-\000H\000a\000s\000s\000e\000l\000b\000a\000l\000c\000h\000\040\145\271\172\013}{subsection*.23}% 25
\BOOKMARK [3][-]{subsubsection*.25}{\376\377\0007\000.\0002\000\040\177\023\121\262\156\266\155\262\166\204\213\276\213\241\123\237\122\031}{subsection*.23}% 26
\BOOKMARK [3][-]{subsubsection*.26}{\376\377\0007\000.\0003\000\040\177\023\121\262\133\271\221\317\166\204\133\232\221\317\122\006\147\220}{subsection*.23}% 27
\BOOKMARK [3][-]{subsubsection*.27}{\376\377\0007\000.\0004\000\040\177\023\121\262\156\266\155\262\166\204\133\236\226\105\136\224\165\050}{subsection*.23}% 28
\BOOKMARK [2][-]{subsection*.28}{\376\377\121\153\060\001\000L\000e\000w\000i\000s\000\040\221\170\170\261\116\016\000\040\000H\000S\000A\000B\000\040\123\237\164\006}{section.1}% 29
\BOOKMARK [3][-]{subsubsection*.29}{\376\377\0008\000.\0001\000\040\000L\000e\000w\000i\000s\000\040\221\170\170\261}{subsection*.28}% 30
\BOOKMARK [3][-]{subsubsection*.30}{\376\377\0008\000.\0002\000\040\000H\000S\000A\000B\000\040\217\157\170\154\122\006\174\173}{subsection*.28}% 31
\BOOKMARK [2][-]{subsection*.31}{\376\377\116\135\060\001\116\055\124\214\123\315\136\224\116\016\165\065\171\273\136\070\145\160}{section.1}% 32
\BOOKMARK [3][-]{subsubsection*.32}{\376\377\0009\000.\0001\000\040\116\055\124\214\123\315\136\224\166\204\136\163\210\141\136\070\145\160}{subsection*.31}% 33
\BOOKMARK [3][-]{subsubsection*.33}{\376\377\0009\000.\0002\000\040\137\061\000-\137\061\116\055\124\214\166\204\133\236\117\213}{subsection*.31}% 34
\BOOKMARK [2][-]{subsection*.34}{\376\377\123\101\060\001\167\345\213\306\177\121\176\334\116\016\145\271\154\325\213\272}{section.1}% 35
\BOOKMARK [3][-]{subsubsection*.35}{\376\377\0001\0000\000.\0001\000\040\137\061\221\170\137\061\170\261\213\241\173\227\121\263\173\126\155\101\172\013}{subsection*.34}% 36
\BOOKMARK [3][-]{subsubsection*.36}{\376\377\0001\0000\000.\0002\000\040\116\044\140\047\162\151\215\050\213\241\173\227\121\263\173\126}{subsection*.34}% 37
\BOOKMARK [3][-]{subsubsection*.37}{\376\377\0001\0000\000.\0003\000\040\221\170\170\261\213\241\173\227\166\204\000'\000'\116\224\116\052\225\356\230\230\000'\000'}{subsection*.34}% 38
\BOOKMARK [2][-]{subsection*.38}{\376\377\123\101\116\000\060\001\121\170\127\213\117\213\230\230}{section.1}% 39
\BOOKMARK [2][-]{subsection*.39}{\376\377\123\101\116\214\060\001\147\054\202\202\140\073\176\323\220\037\147\345}{section.1}% 40
\BOOKMARK [2][-]{subsection*.40}{\376\377\123\101\116\011\060\001\116\011\176\247\176\303\116\140\230\230}{section.1}% 41
\BOOKMARK [2][-]{subsection*.41}{\376\377\123\101\126\333\060\001\176\303\116\140\230\230\173\124\150\110}{section.1}% 42
