\BOOKMARK [1][-]{section.1}{\376\377\121\103\175\040\124\150\147\037\210\150\116\016\121\103\175\040\124\150\147\037\137\213\000\040\000\267\000\040\215\205\176\247\121\105\133\236\162\110}{}% 1
\BOOKMARK [2][-]{subsection*.2}{\376\377\133\146\116\140\166\356\150\007}{section.1}% 2
\BOOKMARK [2][-]{subsection*.3}{\376\377\200\375\165\050\140\360\140\047\165\065\133\120\133\371\145\110\136\224\211\343\221\312\000\040\000T\000l\000\050\041\140\000\051\000/\000P\000b\000\050\041\141\000\051\000/\000B\000i\000\050\041\142\000\051\000\040\166\204\172\063\133\232\140\047}{section.1}% 3
\BOOKMARK [2][-]{subsection*.4}{\376\377\116\000\060\001\121\103\175\040\124\150\147\037\210\150\166\204\176\323\147\204}{section.1}% 4
\BOOKMARK [3][-]{subsubsection*.5}{\376\377\0001\000.\0001\000\040\124\150\147\037\040\024\040\024\200\375\176\247\176\304\166\204\122\022\122\006}{subsection*.4}% 5
\BOOKMARK [3][-]{subsubsection*.6}{\376\377\0001\000.\0002\000\040\145\317\040\024\040\024\116\367\165\065\133\120\145\160\121\263\133\232\145\317\134\136}{subsection*.4}% 6
\BOOKMARK [3][-]{subsubsection*.7}{\376\377\0001\000.\0003\000\040\121\103\175\040\122\006\123\072\040\024\040\024\116\367\165\065\133\120\147\204\127\213\121\263\133\232\122\006\123\072}{subsection*.4}% 7
\BOOKMARK [2][-]{subsection*.8}{\376\377\116\214\060\001\121\103\175\040\124\150\147\037\137\213}{section.1}% 8
\BOOKMARK [3][-]{subsubsection*.9}{\376\377\0002\000.\0001\000\040\123\237\133\120\123\112\137\204}{subsection*.8}% 9
\BOOKMARK [3][-]{subsubsection*.14}{\376\377\0002\000.\0002\000\040\165\065\171\273\200\375}{subsection*.8}% 10
\BOOKMARK [3][-]{subsubsection*.19}{\376\377\0002\000.\0003\000\040\165\065\133\120\116\262\124\214\200\375}{subsection*.8}% 11
\BOOKMARK [3][-]{subsubsection*.22}{\376\377\0002\000.\0004\000\040\165\065\215\037\140\047}{subsection*.8}% 12
\BOOKMARK [3][-]{subsubsection*.27}{\376\377\0002\000.\0005\000\040\126\333\131\047\123\302\145\160\215\213\122\277\140\073\210\150}{subsection*.8}% 13
\BOOKMARK [2][-]{subsection*.28}{\376\377\116\011\060\001\124\150\147\037\123\315\136\070\163\260\214\141}{section.1}% 14
\BOOKMARK [3][-]{subsubsection*.29}{\376\377\0003\000.\0001\000\040\133\371\211\322\211\304\122\031}{subsection*.28}% 15
\BOOKMARK [3][-]{subsubsection*.30}{\376\377\0003\000.\0002\000\040\173\054\126\333\124\150\147\037\227\136\221\321\134\136\121\103\175\040\147\000\232\330\116\367\140\001\116\015\172\063\133\232\140\047}{subsection*.28}% 16
\BOOKMARK [3][-]{subsubsection*.31}{\376\377\0003\000.\0003\000\040\140\360\140\047\165\065\133\120\133\371\145\110\136\224}{subsection*.28}% 17
\BOOKMARK [3][-]{subsubsection*.32}{\376\377\0003\000.\0004\000\040\154\042\166\204\162\171\153\212\140\047}{subsection*.28}% 18
\BOOKMARK [3][-]{subsubsection*.33}{\376\377\0003\000.\0005\000\040\136\070\211\301\213\357\123\072}{subsection*.28}% 19
\BOOKMARK [2][-]{subsection*.34}{\376\377\126\333\060\001\121\170\127\213\117\213\230\230}{section.1}% 20
\BOOKMARK [3][-]{subsubsection*.35}{\376\377\117\213\000\040\0001\000\040\000[\124\150\147\037\137\213\215\213\122\277\122\044\145\255\000\040\053\120\053\120}{subsection*.34}% 21
\BOOKMARK [3][-]{subsubsection*.36}{\376\377\117\213\000\040\0002\000\040\000[\165\065\171\273\200\375\123\315\136\070\211\343\221\312\000\040\053\120\053\120\053\120}{subsection*.34}% 22
\BOOKMARK [3][-]{subsubsection*.37}{\376\377\117\213\000\040\0003\000\040\000[\165\065\171\273\200\375\172\201\123\330\143\250\145\255\145\317\134\136\000\040\053\120\053\120\053\120}{subsection*.34}% 23
\BOOKMARK [3][-]{subsubsection*.38}{\376\377\117\213\000\040\0004\000\040\000[\121\103\175\040\122\006\123\072\122\044\145\255\000\040\053\120\053\120}{subsection*.34}% 24
\BOOKMARK [3][-]{subsubsection*.39}{\376\377\117\213\000\040\0005\000\040\000[\225\147\174\373\145\066\177\051\136\224\165\050\000\040\053\120\053\120\053\120}{subsection*.34}% 25
\BOOKMARK [3][-]{subsubsection*.40}{\376\377\117\213\000\040\0006\000\040\000[\140\360\140\047\165\065\133\120\133\371\145\110\136\224\136\224\165\050\000\040\053\120\053\120\053\120\053\120}{subsection*.34}% 26
\BOOKMARK [2][-]{subsection*.41}{\376\377\116\224\060\001\142\323\134\125\116\016\200\124\174\373}{section.1}% 27
\BOOKMARK [3][-]{subsubsection*.42}{\376\377\0005\000.\0001\000\040\116\016\172\336\215\133\167\037\230\230\166\204\133\371\143\245}{subsection*.41}% 28
\BOOKMARK [3][-]{subsubsection*.43}{\376\377\0005\000.\0002\000\040\215\350\116\023\230\230\200\124\174\373}{subsection*.41}% 29
\BOOKMARK [3][-]{subsubsection*.44}{\376\377\0005\000.\0003\000\040\155\361\123\026\145\271\124\021\377\010\124\016\176\355\217\156\153\041\134\125\137\000\377\011}{subsection*.41}% 30
\BOOKMARK [2][-]{subsection*.45}{\376\377\121\155\060\001\147\054\202\202\140\073\176\323\000\040\000\267\000\040\220\037\147\345}{section.1}% 31
\BOOKMARK [2][-]{subsection*.46}{\376\377\116\003\060\001\176\303\116\140\230\230}{section.1}% 32
\BOOKMARK [3][-]{subsubsection*.47}{\376\377\0007\000.\0001\000\040\127\372\170\100\135\351\126\372}{subsection*.46}% 33
\BOOKMARK [3][-]{subsubsection*.48}{\376\377\0007\000.\0002\000\040\143\320\232\330\213\255\176\303}{subsection*.46}% 34
\BOOKMARK [3][-]{subsubsection*.49}{\376\377\0007\000.\0003\000\040\143\021\142\030\230\230}{subsection*.46}% 35
\BOOKMARK [2][-]{subsection*.50}{\376\377\121\153\060\001\123\302\200\003\173\124\150\110\116\016\143\320\171\072}{section.1}% 36
\BOOKMARK [2][-]{subsection*.51}{\376\377\116\135\060\001\136\366\117\070\226\005\213\373}{section.1}% 37
