\BOOKMARK [1][-]{section.1}{\376\377\122\006\133\120\176\323\147\204\127\372\170\100\000\040\000\267\000\040\215\205\176\247\121\105\133\236\162\110}{}% 1
\BOOKMARK [2][-]{subsection*.2}{\376\377\133\146\116\140\166\356\150\007}{section.1}% 2
\BOOKMARK [2][-]{subsection*.3}{\376\377\116\000\060\001\000L\000e\000w\000i\000s\000\040\176\323\147\204\000\040\040\024\040\024\000\040\142\020\225\056\166\204\213\355\212\000}{section.1}% 3
\BOOKMARK [3][-]{subsubsection*.4}{\376\377\0001\000.\0001\000\040\116\072\116\300\116\110\116\316\000\040\000L\000e\000w\000i\000s\000\040\176\323\147\204\137\000\131\313\377\037}{subsection*.3}% 4
\BOOKMARK [3][-]{subsubsection*.5}{\376\377\0001\000.\0002\000\040\000L\000e\000w\000i\000s\000\040\176\323\147\204\116\146\121\231\000\040\040\024\040\024\000\040\116\224\153\145\154\325}{subsection*.3}% 5
\BOOKMARK [3][-]{subsubsection*.6}{\376\377\0001\000.\0003\000\040\137\142\137\017\165\065\203\167\377\010\000F\000o\000r\000m\000a\000l\000\040\000C\000h\000a\000r\000g\000e\377\011}{subsection*.3}% 6
\BOOKMARK [3][-]{subsubsection*.7}{\376\377\0001\000.\0004\000\040\121\161\143\057\176\323\147\204}{subsection*.3}% 7
\BOOKMARK [2][-]{subsection*.8}{\376\377\116\214\060\001\000V\000S\000E\000P\000R\000\040\164\006\213\272\000\040\040\024\040\024\000\040\163\034\137\142\162\266}{section.1}% 8
\BOOKMARK [3][-]{subsubsection*.9}{\376\377\0002\000.\0001\000\040\150\070\137\303\140\035\140\363}{subsection*.8}% 9
\BOOKMARK [3][-]{subsubsection*.10}{\376\377\0002\000.\0002\000\040\000A\000X\040\231\000E\040\230\000\040\152\041\127\213}{subsection*.8}% 10
\BOOKMARK [3][-]{subsubsection*.11}{\376\377\0002\000.\0003\000\040\121\163\225\056\211\304\122\031}{subsection*.8}% 11
\BOOKMARK [2][-]{subsection*.12}{\376\377\116\011\060\001\147\102\123\026\217\150\220\123\164\006\213\272\000\040\040\024\040\024\000\040\211\343\221\312\116\072\116\300\116\110}{section.1}% 12
\BOOKMARK [3][-]{subsubsection*.13}{\376\377\0003\000.\0001\000\040\147\102\123\026\174\173\127\213\116\016\121\340\117\125\147\204\127\213}{subsection*.12}% 13
\BOOKMARK [3][-]{subsubsection*.14}{\376\377\0003\000.\0002\000\040\173\111\140\047\147\102\123\026\000\040\000v\000s\000\040\116\015\173\111\140\047\147\102\123\026}{subsection*.12}% 14
\BOOKMARK [3][-]{subsubsection*.15}{\376\377\0003\000.\0003\000\040\144\315\117\134\123\343\213\300}{subsection*.12}% 15
\BOOKMARK [2][-]{subsection*.16}{\376\377\126\333\060\001\171\273\127\337\003\300\225\056\000\040\040\024\040\024\000\040\215\205\215\212\133\232\127\337\225\056}{section.1}% 16
\BOOKMARK [3][-]{subsubsection*.17}{\376\377\0004\000.\0001\000\040\137\142\142\020\147\141\116\366}{subsection*.16}% 17
\BOOKMARK [3][-]{subsubsection*.18}{\376\377\0004\000.\0002\000\040\003\300\040\231\035\120\000\040\210\150\171\072\154\325}{subsection*.16}% 18
\BOOKMARK [3][-]{subsubsection*.19}{\376\377\0004\000.\0003\000\040\136\070\211\301\133\236\117\213}{subsection*.16}% 19
\BOOKMARK [3][-]{subsubsection*.20}{\376\377\0004\000.\0004\000\040\000d\000-\000p\003\300\000\040\225\056\163\260\214\141\377\010\160\271\122\060\116\072\153\142\377\011}{subsection*.16}% 20
\BOOKMARK [2][-]{subsection*.21}{\376\377\116\224\060\001\173\111\165\065\133\120\117\123\000\040\040\024\040\024\000\040\217\301\171\373\230\204\155\113\166\204\122\051\126\150}{section.1}% 21
\BOOKMARK [3][-]{subsubsection*.22}{\376\377\0005\000.\0001\000\040\133\232\116\111}{subsection*.21}% 22
\BOOKMARK [3][-]{subsubsection*.23}{\376\377\0005\000.\0002\000\040\136\070\165\050\173\111\165\065\133\120\117\123\136\217\122\027}{subsection*.21}% 23
\BOOKMARK [2][-]{subsection*.24}{\376\377\121\155\060\001\122\006\133\120\217\150\220\123\377\010\000M\000O\377\011\164\006\213\272\000\040\040\024\040\024\000\040\147\000\133\214\145\164\166\204\165\073\120\317}{section.1}% 24
\BOOKMARK [3][-]{subsubsection*.25}{\376\377\0006\000.\0001\000\040\116\072\116\300\116\110\227\000\211\201\000\040\000M\000O\000\040\164\006\213\272\377\037}{subsection*.24}% 25
\BOOKMARK [3][-]{subsubsection*.26}{\376\377\0006\000.\0002\000\040\127\372\147\054\151\202\137\365}{subsection*.24}% 26
\BOOKMARK [3][-]{subsubsection*.27}{\376\377\0006\000.\0003\000\040\173\054\116\214\124\150\147\037\123\314\123\237\133\120\122\006\133\120\000\040\000M\000O\000\040\200\375\176\247\126\376}{subsection*.24}% 27
\BOOKMARK [3][-]{subsubsection*.28}{\376\377\0006\000.\0004\000\040\121\170\127\213\122\006\133\120\166\204\000\040\000M\000O\000\040\165\065\133\120\143\222\136\003}{subsection*.24}% 28
\BOOKMARK [2][-]{subsection*.29}{\376\377\116\003\060\001\122\006\133\120\225\364\117\134\165\050\122\233\000\040\040\024\040\024\000\040\116\316\122\006\133\120\122\060\200\132\226\306\140\001}{section.1}% 29
\BOOKMARK [3][-]{subsubsection*.30}{\376\377\0007\000.\0001\000\040\122\006\133\120\225\364\122\233\151\202\217\360}{subsection*.29}% 30
\BOOKMARK [3][-]{subsubsection*.31}{\376\377\0007\000.\0002\000\040\154\042\225\056}{subsection*.29}% 31
\BOOKMARK [2][-]{subsection*.32}{\376\377\121\153\060\001\121\170\127\213\117\213\230\230}{section.1}% 32
\BOOKMARK [3][-]{subsubsection*.33}{\376\377\117\213\0001\000\040\000L\000e\000w\000i\000s\000\040\176\323\147\204\000\040\000+\000\040\137\142\137\017\165\065\203\167\000\040\053\120\053\120}{subsection*.32}% 33
\BOOKMARK [3][-]{subsubsection*.34}{\376\377\117\213\0002\000\040\000V\000S\000E\000P\000R\000\040\000+\000\040\147\102\123\026\000\040\000+\000\040\123\315\136\070\147\204\127\213\000\040\053\120\053\120\053\120}{subsection*.32}% 34
\BOOKMARK [3][-]{subsubsection*.35}{\376\377\117\213\0003\000\040\000M\000O\000\040\000+\000\040\225\056\176\247\000\040\000+\000\040\170\301\140\047\122\044\145\255\000\040\053\120\053\120\053\120}{subsection*.32}% 35
\BOOKMARK [3][-]{subsubsection*.36}{\376\377\117\213\0004\000\040\122\006\133\120\225\364\122\233\000\040\000+\000\040\154\042\225\056\000\040\053\120\053\120}{subsection*.32}% 36
\BOOKMARK [3][-]{subsubsection*.37}{\376\377\117\213\0005\000\040\000S\000O\0002\000\040\166\204\176\323\147\204\176\374\124\010\143\250\145\255\000\040\053\120\053\120\053\120\053\120}{subsection*.32}% 37
\BOOKMARK [3][-]{subsubsection*.38}{\376\377\117\213\0006\000\040\137\002\150\070\123\314\123\237\133\120\122\006\133\120\000\040\000C\000O\000\040\166\204\000\040\000M\000O\000\040\122\006\147\220\000\040\053\120\053\120\053\120\053\120}{subsection*.32}% 38
\BOOKMARK [3][-]{subsubsection*.39}{\376\377\117\213\0007\000\040\176\374\124\010\377\032\147\052\167\345\162\151\171\315\166\204\176\323\147\204\143\250\145\255\000\040\053\120\053\120\053\120\053\120\053\120}{subsection*.32}% 39
\BOOKMARK [2][-]{subsection*.40}{\376\377\116\135\060\001\145\271\154\325\140\073\176\323\000\040\000\267\000\040\176\323\147\204\230\204\155\113\135\345\121\167\224\376}{section.1}% 40
\BOOKMARK [3][-]{subsubsection*.41}{\376\377\0009\000.\0001\000\040\122\006\133\120\176\323\147\204\230\204\155\113\155\101\172\013\126\376}{subsection*.40}% 41
\BOOKMARK [3][-]{subsubsection*.42}{\376\377\0009\000.\0002\000\040\150\070\137\303\220\037\147\345\210\150}{subsection*.40}% 42
\BOOKMARK [2][-]{subsection*.43}{\376\377\123\101\060\001\176\303\116\140\230\230}{section.1}% 43
\BOOKMARK [3][-]{subsubsection*.44}{\376\377\0001\0000\000.\0001\000\040\127\372\170\100\135\351\126\372}{subsection*.43}% 44
\BOOKMARK [3][-]{subsubsection*.45}{\376\377\0001\0000\000.\0002\000\040\143\320\232\330\213\255\176\303}{subsection*.43}% 45
\BOOKMARK [3][-]{subsubsection*.46}{\376\377\0001\0000\000.\0003\000\040\143\021\142\030\230\230}{subsection*.43}% 46
\BOOKMARK [2][-]{subsection*.47}{\376\377\123\302\200\003\173\124\150\110\116\016\143\320\171\072}{section.1}% 47
\BOOKMARK [3][-]{subsubsection*.48}{\376\377\213\376\130\002\176\303\116\140\123\302\200\003\173\124\150\110}{subsection*.47}% 48
\BOOKMARK [3][-]{subsubsection*.49}{\376\377\0001\0000\000.\0001\000\040\127\372\170\100\135\351\126\372}{subsection*.47}% 49
\BOOKMARK [3][-]{subsubsection*.50}{\376\377\0001\0000\000.\0002\000\040\143\320\232\330\213\255\176\303}{subsection*.47}% 50
\BOOKMARK [3][-]{subsubsection*.51}{\376\377\0001\0000\000.\0003\000\040\143\021\142\030\230\230}{subsection*.47}% 51
\BOOKMARK [2][-]{subsection*.52}{\376\377\136\366\117\070\226\005\213\373}{section.1}% 52
