\BOOKMARK [1][-]{section.1}{\376\377\146\166\117\123\133\146\116\016\146\166\117\123\176\323\147\204}{}% 1
\BOOKMARK [2][-]{subsection*.1}{\376\377\133\146\116\140\166\356\150\007}{section.1}% 2
\BOOKMARK [2][-]{subsection*.2}{\376\377\116\000\060\001\146\166\117\123\116\016\146\166\117\123\166\204\127\372\147\054\140\047\215\050}{section.1}% 3
\BOOKMARK [3][-]{subsubsection*.3}{\376\377\0001\000.\0001\000\040\146\166\117\123\166\204\133\232\116\111}{subsection*.2}% 4
\BOOKMARK [3][-]{subsubsection*.4}{\376\377\0001\000.\0002\000\040\146\166\117\123\166\204\126\333\116\052\127\372\147\054\140\047\215\050}{subsection*.2}% 5
\BOOKMARK [3][-]{subsubsection*.5}{\376\377\0001\000.\0003\000\040\146\166\117\123\116\016\227\136\146\166\117\123\166\204\133\371\153\324}{subsection*.2}% 6
\BOOKMARK [2][-]{subsection*.7}{\376\377\116\214\060\001\160\271\226\065\164\006\213\272}{section.1}% 7
\BOOKMARK [3][-]{subsubsection*.8}{\376\377\0002\000.\0001\000\040\176\323\147\204\127\372\121\103\116\016\160\271\226\065}{subsection*.7}% 8
\BOOKMARK [3][-]{subsubsection*.12}{\376\377\0002\000.\0002\000\040\136\163\227\142\160\271\226\065\116\016\153\143\137\123\123\125\117\115}{subsection*.7}% 9
\BOOKMARK [3][-]{subsubsection*.14}{\376\377\0002\000.\0003\000\040\172\172\225\364\160\271\226\065\116\016\0001\0004\171\315\136\003\142\311\176\364\150\074\133\120}{subsection*.7}% 10
\BOOKMARK [2][-]{subsection*.16}{\376\377\116\011\060\001\116\003\131\047\146\166\174\373}{section.1}% 11
\BOOKMARK [3][-]{subsubsection*.17}{\376\377\0003\000.\0001\000\040\146\166\200\336\123\302\145\160}{subsection*.16}% 12
\BOOKMARK [3][-]{subsubsection*.19}{\376\377\0003\000.\0002\000\040\116\003\131\047\146\166\174\373\166\204\146\166\200\336\123\302\145\160\162\171\137\201}{subsection*.16}% 13
\BOOKMARK [3][-]{subsubsection*.20}{\376\377\0003\000.\0003\000\040\146\166\174\373\166\204\133\371\171\360\140\047\122\044\133\232}{subsection*.16}% 14
\BOOKMARK [2][-]{subsection*.21}{\376\377\126\333\060\001\146\166\200\336}{section.1}% 15
\BOOKMARK [3][-]{subsubsection*.22}{\376\377\0004\000.\0001\000\040\146\166\200\336\166\204\127\372\147\054\162\171\137\201}{subsection*.21}% 16
\BOOKMARK [3][-]{subsubsection*.23}{\376\377\0004\000.\0002\000\040\175\040\146\166\200\336\116\016\131\015\146\166\200\336}{subsection*.21}% 17
\BOOKMARK [3][-]{subsubsection*.25}{\376\377\0004\000.\0003\000\040\146\166\200\336\116\055\123\237\133\120\166\204\122\006\145\160\127\120\150\007}{subsection*.21}% 18
\BOOKMARK [3][-]{subsubsection*.27}{\376\377\0004\000.\0004\000\040\146\166\200\336\116\055\166\204\123\237\133\120\213\241\145\160}{subsection*.21}% 19
\BOOKMARK [2][-]{subsection*.30}{\376\377\116\224\060\001\173\111\124\014\160\271\174\373}{section.1}% 20
\BOOKMARK [3][-]{subsubsection*.31}{\376\377\0005\000.\0001\000\040\133\232\116\111}{subsection*.30}% 21
\BOOKMARK [3][-]{subsubsection*.32}{\376\377\0005\000.\0002\000\040\142\306\122\006\211\304\122\031}{subsection*.30}% 22
\BOOKMARK [3][-]{subsubsection*.33}{\376\377\0005\000.\0003\000\040\136\224\165\050\171\072\117\213}{subsection*.30}% 23
\BOOKMARK [3][-]{subsubsection*.36}{\376\377\0005\000.\0004\000\040\173\111\124\014\160\271\174\373\116\016\160\271\226\065\166\204\123\072\122\053}{subsection*.30}% 24
\BOOKMARK [2][-]{subsection*.37}{\376\377\121\155\060\001\133\371\171\360\121\103\175\040\127\372\170\100}{section.1}% 25
\BOOKMARK [3][-]{subsubsection*.38}{\376\377\0006\000.\0001\000\040\146\166\117\123\116\055\166\204\133\371\171\360\121\103\175\040}{subsection*.37}% 26
\BOOKMARK [3][-]{subsubsection*.42}{\376\377\0006\000.\0002\000\040\146\166\117\123\166\204\133\371\171\360\140\047\226\120\122\066}{subsection*.37}% 27
\BOOKMARK [3][-]{subsubsection*.44}{\376\377\0006\000.\0003\000\040\146\166\174\373\116\016\133\371\171\360\140\047\166\204\133\371\136\224}{subsection*.37}% 28
\BOOKMARK [2][-]{subsection*.45}{\376\377\116\003\060\001\211\304\137\213\116\016\145\271\154\325}{section.1}% 29
\BOOKMARK [3][-]{subsubsection*.46}{\376\377\0007\000.\0001\000\040\146\166\117\123\133\146\122\006\147\220\166\204\116\011\153\145\155\101\172\013}{subsection*.45}% 30
\BOOKMARK [3][-]{subsubsection*.47}{\376\377\0007\000.\0002\000\040\136\070\211\301\213\357\123\072}{subsection*.45}% 31
\BOOKMARK [2][-]{subsection*.48}{\376\377\121\153\060\001\121\170\127\213\117\213\230\230}{section.1}% 32
\BOOKMARK [2][-]{subsection*.50}{\376\377\123\101\060\001\147\054\202\202\140\073\176\323\000\040\000\267\000\040\220\037\147\345}{section.1}% 33
\BOOKMARK [2][-]{subsection*.51}{\376\377\123\101\116\000\060\001\176\303\116\140\230\230}{section.1}% 34
\BOOKMARK [2][-]{subsection*.52}{\376\377\123\101\116\214\060\001\123\302\200\003\173\124\150\110\116\016\143\320\171\072}{section.1}% 35
