\BOOKMARK [1][-]{section.1}{\376\377\121\103\175\040\124\150\147\037\210\150\116\016\121\103\175\040\124\150\147\037\137\213\377\032\215\205\176\247\121\105\133\236\162\110}{}% 1
\BOOKMARK [2][-]{subsection*.2}{\376\377\133\146\116\140\166\356\150\007}{section.1}% 2
\BOOKMARK [2][-]{subsection*.3}{\376\377\116\000\060\001\121\103\175\040\124\150\147\037\210\150\166\204\176\323\147\204}{section.1}% 3
\BOOKMARK [3][-]{subsubsection*.4}{\376\377\0001\000.\0001\000\040\124\150\147\037\040\024\200\375\176\247\176\304\166\204\122\022\122\006}{subsection*.3}% 4
\BOOKMARK [3][-]{subsubsection*.5}{\376\377\0001\000.\0002\000\040\145\317\040\024\116\367\165\065\133\120\145\160\121\263\133\232\145\317\134\136}{subsection*.3}% 5
\BOOKMARK [3][-]{subsubsection*.6}{\376\377\0001\000.\0003\000\040\121\103\175\040\122\006\123\072\040\024\116\367\165\065\133\120\147\204\127\213\121\263\133\232\122\006\123\072}{subsection*.3}% 6
\BOOKMARK [2][-]{subsection*.7}{\376\377\116\214\060\001\121\103\175\040\124\150\147\037\137\213}{section.1}% 7
\BOOKMARK [3][-]{subsubsection*.8}{\376\377\0002\000.\0001\000\040\123\237\133\120\123\112\137\204}{subsection*.7}% 8
\BOOKMARK [3][-]{subsubsection*.9}{\376\377\0002\000.\0002\000\040\165\065\171\273\200\375}{subsection*.7}% 9
\BOOKMARK [3][-]{subsubsection*.10}{\376\377\0002\000.\0003\000\040\165\065\133\120\116\262\124\214\200\375}{subsection*.7}% 10
\BOOKMARK [3][-]{subsubsection*.11}{\376\377\0002\000.\0004\000\040\165\065\215\037\140\047}{subsection*.7}% 11
\BOOKMARK [3][-]{subsubsection*.12}{\376\377\0002\000.\0005\000\040\126\333\131\047\123\302\145\160\215\213\122\277\140\073\210\150}{subsection*.7}% 12
\BOOKMARK [2][-]{subsection*.13}{\376\377\116\011\060\001\124\150\147\037\123\315\136\070\163\260\214\141}{section.1}% 13
\BOOKMARK [3][-]{subsubsection*.14}{\376\377\0003\000.\0001\000\040\133\371\211\322\211\304\122\031}{subsection*.13}% 14
\BOOKMARK [3][-]{subsubsection*.15}{\376\377\0003\000.\0002\000\040\173\054\126\333\124\150\147\037\227\136\221\321\134\136\121\103\175\040\147\000\232\330\116\367\140\001\116\015\172\063\133\232\140\047}{subsection*.13}% 15
\BOOKMARK [3][-]{subsubsection*.16}{\376\377\0003\000.\0003\000\040\140\360\140\047\165\065\133\120\133\371\145\110\136\224\116\016\166\370\133\371\213\272\145\110\136\224}{subsection*.13}% 16
\BOOKMARK [3][-]{subsubsection*.17}{\376\377\0003\000.\0004\000\040\154\042\166\204\162\171\153\212\140\047}{subsection*.13}% 17
\BOOKMARK [3][-]{subsubsection*.18}{\376\377\0003\000.\0005\000\040\136\070\211\301\213\357\123\072}{subsection*.13}% 18
\BOOKMARK [3][-]{subsubsection*.19}{\376\377\0003\000.\0006\000\040\153\041\176\247\124\150\147\037\140\047\040\024\217\307\156\041\221\321\134\136\166\204\000'\000'\122\157\117\134\165\050\000'\000'}{subsection*.13}% 19
\BOOKMARK [2][-]{subsection*.20}{\376\377\126\333\060\001\121\170\127\213\117\213\230\230}{section.1}% 20
\BOOKMARK [2][-]{subsection*.21}{\376\377\116\224\060\001\147\054\202\202\140\073\176\323\000\040\000\267\000\040\220\037\147\345}{section.1}% 21
\BOOKMARK [2][-]{subsection*.22}{\376\377\121\155\060\001\176\303\116\140\230\230}{section.1}% 22
\BOOKMARK [2][-]{subsection*.23}{\376\377\116\003\060\001\123\302\200\003\173\124\150\110\116\016\143\320\171\072}{section.1}% 23
\BOOKMARK [2][-]{subsection*.24}{\376\377\121\153\060\001\136\366\117\070\226\005\213\373}{section.1}% 24
