2026-06-29 09:48:39,818+0800 INFO  miktex-makefmt - this process (27464) started by miktex in directory C:\Obsidion\妙妙屋\11-模板\scripts with command line: miktex-makefmt.exe --engine=xetex --dest-name=xelatex --no-dump xelatex.ini --miktex-disable-maintenance --miktex-disable-diagnose
2026-06-29 09:48:39,819+0800 INFO  miktex-makefmt - running on Windows 10.0.26200
2026-06-29 09:48:41,034+0800 INFO  makefmt - found input file: C:\Users\蕾赛\AppData\Local\Programs\MiKTeX\tex\latex\latexconfig\xelatex.ini
2026-06-29 09:48:41,037+0800 INFO  makefmt - Creating the xelatex format file...
2026-06-29 09:48:41,044+0800 INFO  makefmt - Running miktex-xetex.exe...
2026-06-29 09:48:41,044+0800 INFO  makefmt - running: miktex-xetex.exe --miktex-disable-maintenance --miktex-disable-diagnose --interaction=nonstopmode --initialize --halt-on-error --alias=xelatex --job-name=xelatex --enable-etex xelatex.ini
2026-06-29 09:48:41,044+0800 INFO  miktex-makefmt.core - start process: miktex-xetex.exe --miktex-disable-maintenance --miktex-disable-diagnose --interaction=nonstopmode --initialize --halt-on-error --alias=xelatex --job-name=xelatex --enable-etex xelatex.ini
2026-06-29 09:50:13,299+0800 INFO  miktex-makefmt - this process (37420) started by miktex in directory C:\Obsidion\妙妙屋\11-模板\scripts with command line: miktex-makefmt.exe --engine=xetex --dest-name=xelatex --no-dump xelatex.ini --miktex-disable-maintenance --miktex-disable-diagnose
2026-06-29 09:50:13,299+0800 INFO  miktex-makefmt - running on Windows 10.0.26200
2026-06-29 09:50:14,113+0800 INFO  makefmt - Installing C:/Obsidion/妙妙屋/11-模板/scripts/.miktex-sandbox/data\miktex\log\makefmt\xelatex\2026-06-29-09-48-41.log...
2026-06-29 09:50:14,160+0800 INFO  makefmt - Installing C:/Obsidion/妙妙屋/11-模板/scripts/.miktex-sandbox/data\miktex/data/le/xetex\xelatex.fmt...
2026-06-29 09:50:14,183+0800 INFO  miktex-makefmt - this process (27464) finishes with exit code 0
2026-06-29 09:50:14,555+0800 INFO  makefmt - found input file: C:\Users\蕾赛\AppData\Local\Programs\MiKTeX\tex\latex\latexconfig\xelatex.ini
2026-06-29 09:50:14,557+0800 INFO  makefmt - Creating the xelatex format file...
2026-06-29 09:50:14,564+0800 INFO  makefmt - Running miktex-xetex.exe...
2026-06-29 09:50:14,564+0800 INFO  makefmt - running: miktex-xetex.exe --miktex-disable-maintenance --miktex-disable-diagnose --interaction=nonstopmode --initialize --halt-on-error --alias=xelatex --job-name=xelatex --enable-etex xelatex.ini
2026-06-29 09:50:14,565+0800 INFO  miktex-makefmt.core - start process: miktex-xetex.exe --miktex-disable-maintenance --miktex-disable-diagnose --interaction=nonstopmode --initialize --halt-on-error --alias=xelatex --job-name=xelatex --enable-etex xelatex.ini
2026-06-29 09:51:45,879+0800 INFO  makefmt - Installing C:/Obsidion/妙妙屋/11-模板/scripts/.miktex-sandbox/data\miktex\log\makefmt\xelatex\2026-06-29-09-50-14.log...
2026-06-29 09:51:45,894+0800 INFO  makefmt - Installing C:/Obsidion/妙妙屋/11-模板/scripts/.miktex-sandbox/data\miktex/data/le/xetex\xelatex.fmt...
2026-06-29 09:51:45,912+0800 INFO  miktex-makefmt - this process (37420) finishes with exit code 0
2026-06-29 10:02:16,897+0800 INFO  miktex-makefmt - this process (27288) started by miktex in directory C:\Obsidion\妙妙屋\11-模板\scripts with command line: miktex-makefmt.exe --engine=xetex --dest-name=xelatex --no-dump xelatex.ini --miktex-disable-maintenance --miktex-disable-diagnose
2026-06-29 10:02:16,897+0800 INFO  miktex-makefmt - running on Windows 10.0.26200
2026-06-29 10:02:17,002+0800 INFO  makefmt - found input file: C:\Users\蕾赛\AppData\Local\Programs\MiKTeX\tex\latex\latexconfig\xelatex.ini
2026-06-29 10:02:17,004+0800 INFO  makefmt - Creating the xelatex format file...
2026-06-29 10:02:17,011+0800 INFO  makefmt - Running miktex-xetex.exe...
2026-06-29 10:02:17,011+0800 INFO  makefmt - running: miktex-xetex.exe --miktex-disable-maintenance --miktex-disable-diagnose --interaction=nonstopmode --initialize --halt-on-error --alias=xelatex --job-name=xelatex --enable-etex xelatex.ini
2026-06-29 10:02:17,011+0800 INFO  miktex-makefmt.core - start process: miktex-xetex.exe --miktex-disable-maintenance --miktex-disable-diagnose --interaction=nonstopmode --initialize --halt-on-error --alias=xelatex --job-name=xelatex --enable-etex xelatex.ini
2026-06-29 10:02:31,038+0800 INFO  makefmt - Installing C:\Obsidion\妙妙屋\11-模板\scripts\.miktex-sandbox\data\miktex\log\makefmt\xelatex\2026-06-29-10-02-17.log...
2026-06-29 10:02:31,053+0800 INFO  makefmt - Installing C:\Obsidion\妙妙屋\11-模板\scripts\.miktex-sandbox\data\miktex/data/le/xetex\xelatex.fmt...
2026-06-29 10:02:31,070+0800 INFO  miktex-makefmt - this process (27288) finishes with exit code 0
2026-06-29 10:11:36,223+0800 INFO  miktex-makefmt - this process (28092) started by miktex in directory C:\Obsidion\妙妙屋 with command line: miktex-makefmt.exe --engine=xetex --dest-name=xelatex --no-dump xelatex.ini --miktex-disable-maintenance --miktex-disable-diagnose
2026-06-29 10:11:36,223+0800 INFO  miktex-makefmt - running on Windows 10.0.26200
2026-06-29 10:11:36,329+0800 INFO  makefmt - found input file: C:\Users\蕾赛\AppData\Local\Programs\MiKTeX\tex\latex\latexconfig\xelatex.ini
2026-06-29 10:11:36,330+0800 INFO  makefmt - Creating the xelatex format file...
2026-06-29 10:11:36,337+0800 INFO  makefmt - Running miktex-xetex.exe...
2026-06-29 10:11:36,337+0800 INFO  makefmt - running: miktex-xetex.exe --miktex-disable-maintenance --miktex-disable-diagnose --interaction=nonstopmode --initialize --halt-on-error --alias=xelatex --job-name=xelatex --enable-etex xelatex.ini
2026-06-29 10:11:36,337+0800 INFO  miktex-makefmt.core - start process: miktex-xetex.exe --miktex-disable-maintenance --miktex-disable-diagnose --interaction=nonstopmode --initialize --halt-on-error --alias=xelatex --job-name=xelatex --enable-etex xelatex.ini
2026-06-29 10:11:50,460+0800 INFO  makefmt - Installing C:\Obsidion\妙妙屋\11-模板\scripts\.miktex-sandbox\data\miktex\log\makefmt\xelatex\2026-06-29-10-11-36.log...
2026-06-29 10:11:50,475+0800 INFO  makefmt - Installing C:\Obsidion\妙妙屋\11-模板\scripts\.miktex-sandbox\data\miktex/data/le/xetex\xelatex.fmt...
2026-06-29 10:11:50,490+0800 INFO  miktex-makefmt - this process (28092) finishes with exit code 0
